0 info it worked if it ends with ok
1 verbose cli [ 'node', '/usr/local/bin/npm', 'i' ]
2 info using npm@2.5.1
3 info using node@v0.12.0
4 verbose install where, deps [ '/Users/ritch/Projects/loopback/loopback-example-pubsub',
4 verbose install   [ 'binary-pack',
4 verbose install     'compression',
4 verbose install     'debug',
4 verbose install     'duplex',
4 verbose install     'engine.io',
4 verbose install     'errorhandler',
4 verbose install     'loopback',
4 verbose install     'loopback-boot',
4 verbose install     'loopback-datasource-juggler',
4 verbose install     'primus',
4 verbose install     'serve-favicon',
4 verbose install     'strong-pubsub',
4 verbose install     'strong-pubsub-connection-mqtt',
4 verbose install     'strong-pubsub-mqtt',
4 verbose install     'strong-pubsub-primus',
4 verbose install     'strong-pubsub-proxy',
4 verbose install     'loopback-explorer',
4 verbose install     'gulp',
4 verbose install     'gulp-loopback-sdk-angular',
4 verbose install     'gulp-rename',
4 verbose install     'jshint' ] ]
5 verbose install where, peers [ '/Users/ritch/Projects/loopback/loopback-example-pubsub', [] ]
6 info preinstall strong-pubsub-angular-loopback@1.0.0
7 silly cache add args [ 'compression@^1.0.3', null ]
8 verbose cache add spec compression@^1.0.3
9 silly cache add parsed spec { raw: 'compression@^1.0.3',
9 silly cache add   scope: null,
9 silly cache add   name: 'compression',
9 silly cache add   rawSpec: '^1.0.3',
9 silly cache add   spec: '>=1.0.3 <2.0.0',
9 silly cache add   type: 'range' }
10 verbose addNamed compression@>=1.0.3 <2.0.0
11 silly addNamed semver.valid null
12 silly addNamed semver.validRange >=1.0.3 <2.0.0
13 silly addNameRange { name: 'compression', range: '>=1.0.3 <2.0.0', hasData: false }
14 silly mapToRegistry name compression
15 silly mapToRegistry using default registry
16 silly mapToRegistry registry http://registry.npmjs.org/
17 silly mapToRegistry uri http://registry.npmjs.org/compression
18 verbose addNameRange registry:http://registry.npmjs.org/compression not in flight; fetching
19 silly cache add args [ 'debug@^2.1.3', null ]
20 verbose cache add spec debug@^2.1.3
21 silly cache add parsed spec { raw: 'debug@^2.1.3',
21 silly cache add   scope: null,
21 silly cache add   name: 'debug',
21 silly cache add   rawSpec: '^2.1.3',
21 silly cache add   spec: '>=2.1.3 <3.0.0',
21 silly cache add   type: 'range' }
22 verbose addNamed debug@>=2.1.3 <3.0.0
23 silly addNamed semver.valid null
24 silly addNamed semver.validRange >=2.1.3 <3.0.0
25 silly addNameRange { name: 'debug', range: '>=2.1.3 <3.0.0', hasData: false }
26 silly mapToRegistry name debug
27 silly mapToRegistry using default registry
28 silly mapToRegistry registry http://registry.npmjs.org/
29 silly mapToRegistry uri http://registry.npmjs.org/debug
30 verbose addNameRange registry:http://registry.npmjs.org/debug not in flight; fetching
31 silly cache add args [ 'duplex@^1.0.0', null ]
32 verbose cache add spec duplex@^1.0.0
33 silly cache add parsed spec { raw: 'duplex@^1.0.0',
33 silly cache add   scope: null,
33 silly cache add   name: 'duplex',
33 silly cache add   rawSpec: '^1.0.0',
33 silly cache add   spec: '>=1.0.0 <2.0.0',
33 silly cache add   type: 'range' }
34 verbose addNamed duplex@>=1.0.0 <2.0.0
35 silly addNamed semver.valid null
36 silly addNamed semver.validRange >=1.0.0 <2.0.0
37 silly addNameRange { name: 'duplex', range: '>=1.0.0 <2.0.0', hasData: false }
38 silly mapToRegistry name duplex
39 silly mapToRegistry using default registry
40 silly mapToRegistry registry http://registry.npmjs.org/
41 silly mapToRegistry uri http://registry.npmjs.org/duplex
42 verbose addNameRange registry:http://registry.npmjs.org/duplex not in flight; fetching
43 silly cache add args [ 'engine.io@^1.5.1', null ]
44 verbose cache add spec engine.io@^1.5.1
45 silly cache add parsed spec { raw: 'engine.io@^1.5.1',
45 silly cache add   scope: null,
45 silly cache add   name: 'engine.io',
45 silly cache add   rawSpec: '^1.5.1',
45 silly cache add   spec: '>=1.5.1 <2.0.0',
45 silly cache add   type: 'range' }
46 verbose addNamed engine.io@>=1.5.1 <2.0.0
47 silly addNamed semver.valid null
48 silly addNamed semver.validRange >=1.5.1 <2.0.0
49 silly addNameRange { name: 'engine.io', range: '>=1.5.1 <2.0.0', hasData: false }
50 silly mapToRegistry name engine.io
51 silly mapToRegistry using default registry
52 silly mapToRegistry registry http://registry.npmjs.org/
53 silly mapToRegistry uri http://registry.npmjs.org/engine.io
54 verbose addNameRange registry:http://registry.npmjs.org/engine.io not in flight; fetching
55 silly cache add args [ 'errorhandler@^1.1.1', null ]
56 verbose cache add spec errorhandler@^1.1.1
57 silly cache add parsed spec { raw: 'errorhandler@^1.1.1',
57 silly cache add   scope: null,
57 silly cache add   name: 'errorhandler',
57 silly cache add   rawSpec: '^1.1.1',
57 silly cache add   spec: '>=1.1.1 <2.0.0',
57 silly cache add   type: 'range' }
58 verbose addNamed errorhandler@>=1.1.1 <2.0.0
59 silly addNamed semver.valid null
60 silly addNamed semver.validRange >=1.1.1 <2.0.0
61 silly addNameRange { name: 'errorhandler', range: '>=1.1.1 <2.0.0', hasData: false }
62 silly mapToRegistry name errorhandler
63 silly mapToRegistry using default registry
64 silly mapToRegistry registry http://registry.npmjs.org/
65 silly mapToRegistry uri http://registry.npmjs.org/errorhandler
66 verbose addNameRange registry:http://registry.npmjs.org/errorhandler not in flight; fetching
67 silly cache add args [ 'loopback@^2.8.0', null ]
68 verbose cache add spec loopback@^2.8.0
69 silly cache add parsed spec { raw: 'loopback@^2.8.0',
69 silly cache add   scope: null,
69 silly cache add   name: 'loopback',
69 silly cache add   rawSpec: '^2.8.0',
69 silly cache add   spec: '>=2.8.0 <3.0.0',
69 silly cache add   type: 'range' }
70 verbose addNamed loopback@>=2.8.0 <3.0.0
71 silly addNamed semver.valid null
72 silly addNamed semver.validRange >=2.8.0 <3.0.0
73 silly addNameRange { name: 'loopback', range: '>=2.8.0 <3.0.0', hasData: false }
74 silly mapToRegistry name loopback
75 silly mapToRegistry using default registry
76 silly mapToRegistry registry http://registry.npmjs.org/
77 silly mapToRegistry uri http://registry.npmjs.org/loopback
78 verbose addNameRange registry:http://registry.npmjs.org/loopback not in flight; fetching
79 silly cache add args [ 'loopback-boot@^2.4.0', null ]
80 verbose cache add spec loopback-boot@^2.4.0
81 silly cache add parsed spec { raw: 'loopback-boot@^2.4.0',
81 silly cache add   scope: null,
81 silly cache add   name: 'loopback-boot',
81 silly cache add   rawSpec: '^2.4.0',
81 silly cache add   spec: '>=2.4.0 <3.0.0',
81 silly cache add   type: 'range' }
82 verbose addNamed loopback-boot@>=2.4.0 <3.0.0
83 silly addNamed semver.valid null
84 silly addNamed semver.validRange >=2.4.0 <3.0.0
85 silly addNameRange { name: 'loopback-boot',
85 silly addNameRange   range: '>=2.4.0 <3.0.0',
85 silly addNameRange   hasData: false }
86 silly mapToRegistry name loopback-boot
87 silly mapToRegistry using default registry
88 silly mapToRegistry registry http://registry.npmjs.org/
89 silly mapToRegistry uri http://registry.npmjs.org/loopback-boot
90 verbose addNameRange registry:http://registry.npmjs.org/loopback-boot not in flight; fetching
91 silly cache add args [ 'loopback-datasource-juggler@^2.7.0', null ]
92 verbose cache add spec loopback-datasource-juggler@^2.7.0
93 silly cache add parsed spec { raw: 'loopback-datasource-juggler@^2.7.0',
93 silly cache add   scope: null,
93 silly cache add   name: 'loopback-datasource-juggler',
93 silly cache add   rawSpec: '^2.7.0',
93 silly cache add   spec: '>=2.7.0 <3.0.0',
93 silly cache add   type: 'range' }
94 verbose addNamed loopback-datasource-juggler@>=2.7.0 <3.0.0
95 silly addNamed semver.valid null
96 silly addNamed semver.validRange >=2.7.0 <3.0.0
97 silly addNameRange { name: 'loopback-datasource-juggler',
97 silly addNameRange   range: '>=2.7.0 <3.0.0',
97 silly addNameRange   hasData: false }
98 silly mapToRegistry name loopback-datasource-juggler
99 silly mapToRegistry using default registry
100 silly mapToRegistry registry http://registry.npmjs.org/
101 silly mapToRegistry uri http://registry.npmjs.org/loopback-datasource-juggler
102 verbose addNameRange registry:http://registry.npmjs.org/loopback-datasource-juggler not in flight; fetching
103 silly cache add args [ 'primus@^3.0.2', null ]
104 verbose cache add spec primus@^3.0.2
105 silly cache add parsed spec { raw: 'primus@^3.0.2',
105 silly cache add   scope: null,
105 silly cache add   name: 'primus',
105 silly cache add   rawSpec: '^3.0.2',
105 silly cache add   spec: '>=3.0.2 <4.0.0',
105 silly cache add   type: 'range' }
106 verbose addNamed primus@>=3.0.2 <4.0.0
107 silly addNamed semver.valid null
108 silly addNamed semver.validRange >=3.0.2 <4.0.0
109 silly addNameRange { name: 'primus', range: '>=3.0.2 <4.0.0', hasData: false }
110 silly mapToRegistry name primus
111 silly mapToRegistry using default registry
112 silly mapToRegistry registry http://registry.npmjs.org/
113 silly mapToRegistry uri http://registry.npmjs.org/primus
114 verbose addNameRange registry:http://registry.npmjs.org/primus not in flight; fetching
115 silly cache add args [ 'serve-favicon@^2.0.1', null ]
116 verbose cache add spec serve-favicon@^2.0.1
117 silly cache add parsed spec { raw: 'serve-favicon@^2.0.1',
117 silly cache add   scope: null,
117 silly cache add   name: 'serve-favicon',
117 silly cache add   rawSpec: '^2.0.1',
117 silly cache add   spec: '>=2.0.1 <3.0.0',
117 silly cache add   type: 'range' }
118 verbose addNamed serve-favicon@>=2.0.1 <3.0.0
119 silly addNamed semver.valid null
120 silly addNamed semver.validRange >=2.0.1 <3.0.0
121 silly addNameRange { name: 'serve-favicon',
121 silly addNameRange   range: '>=2.0.1 <3.0.0',
121 silly addNameRange   hasData: false }
122 silly mapToRegistry name serve-favicon
123 silly mapToRegistry using default registry
124 silly mapToRegistry registry http://registry.npmjs.org/
125 silly mapToRegistry uri http://registry.npmjs.org/serve-favicon
126 verbose addNameRange registry:http://registry.npmjs.org/serve-favicon not in flight; fetching
127 silly cache add args [ 'strong-pubsub@^0.1.9', null ]
128 verbose cache add spec strong-pubsub@^0.1.9
129 silly cache add parsed spec { raw: 'strong-pubsub@^0.1.9',
129 silly cache add   scope: null,
129 silly cache add   name: 'strong-pubsub',
129 silly cache add   rawSpec: '^0.1.9',
129 silly cache add   spec: '>=0.1.9 <0.2.0',
129 silly cache add   type: 'range' }
130 verbose addNamed strong-pubsub@>=0.1.9 <0.2.0
131 silly addNamed semver.valid null
132 silly addNamed semver.validRange >=0.1.9 <0.2.0
133 silly addNameRange { name: 'strong-pubsub',
133 silly addNameRange   range: '>=0.1.9 <0.2.0',
133 silly addNameRange   hasData: false }
134 silly mapToRegistry name strong-pubsub
135 silly mapToRegistry using default registry
136 silly mapToRegistry registry http://registry.npmjs.org/
137 silly mapToRegistry uri http://registry.npmjs.org/strong-pubsub
138 verbose addNameRange registry:http://registry.npmjs.org/strong-pubsub not in flight; fetching
139 silly cache add args [ 'strong-pubsub-connection-mqtt@^0.1.4', null ]
140 verbose cache add spec strong-pubsub-connection-mqtt@^0.1.4
141 silly cache add parsed spec { raw: 'strong-pubsub-connection-mqtt@^0.1.4',
141 silly cache add   scope: null,
141 silly cache add   name: 'strong-pubsub-connection-mqtt',
141 silly cache add   rawSpec: '^0.1.4',
141 silly cache add   spec: '>=0.1.4 <0.2.0',
141 silly cache add   type: 'range' }
142 verbose addNamed strong-pubsub-connection-mqtt@>=0.1.4 <0.2.0
143 silly addNamed semver.valid null
144 silly addNamed semver.validRange >=0.1.4 <0.2.0
145 silly addNameRange { name: 'strong-pubsub-connection-mqtt',
145 silly addNameRange   range: '>=0.1.4 <0.2.0',
145 silly addNameRange   hasData: false }
146 silly mapToRegistry name strong-pubsub-connection-mqtt
147 silly mapToRegistry using default registry
148 silly mapToRegistry registry http://registry.npmjs.org/
149 silly mapToRegistry uri http://registry.npmjs.org/strong-pubsub-connection-mqtt
150 verbose addNameRange registry:http://registry.npmjs.org/strong-pubsub-connection-mqtt not in flight; fetching
151 silly cache add args [ 'strong-pubsub-mqtt@^0.1.1', null ]
152 verbose cache add spec strong-pubsub-mqtt@^0.1.1
153 silly cache add parsed spec { raw: 'strong-pubsub-mqtt@^0.1.1',
153 silly cache add   scope: null,
153 silly cache add   name: 'strong-pubsub-mqtt',
153 silly cache add   rawSpec: '^0.1.1',
153 silly cache add   spec: '>=0.1.1 <0.2.0',
153 silly cache add   type: 'range' }
154 verbose addNamed strong-pubsub-mqtt@>=0.1.1 <0.2.0
155 silly addNamed semver.valid null
156 silly addNamed semver.validRange >=0.1.1 <0.2.0
157 silly addNameRange { name: 'strong-pubsub-mqtt',
157 silly addNameRange   range: '>=0.1.1 <0.2.0',
157 silly addNameRange   hasData: false }
158 silly mapToRegistry name strong-pubsub-mqtt
159 silly mapToRegistry using default registry
160 silly mapToRegistry registry http://registry.npmjs.org/
161 silly mapToRegistry uri http://registry.npmjs.org/strong-pubsub-mqtt
162 verbose addNameRange registry:http://registry.npmjs.org/strong-pubsub-mqtt not in flight; fetching
163 silly cache add args [ 'strong-pubsub-primus@^0.1.0', null ]
164 verbose cache add spec strong-pubsub-primus@^0.1.0
165 silly cache add parsed spec { raw: 'strong-pubsub-primus@^0.1.0',
165 silly cache add   scope: null,
165 silly cache add   name: 'strong-pubsub-primus',
165 silly cache add   rawSpec: '^0.1.0',
165 silly cache add   spec: '>=0.1.0 <0.2.0',
165 silly cache add   type: 'range' }
166 verbose addNamed strong-pubsub-primus@>=0.1.0 <0.2.0
167 silly addNamed semver.valid null
168 silly addNamed semver.validRange >=0.1.0 <0.2.0
169 silly addNameRange { name: 'strong-pubsub-primus',
169 silly addNameRange   range: '>=0.1.0 <0.2.0',
169 silly addNameRange   hasData: false }
170 silly mapToRegistry name strong-pubsub-primus
171 silly mapToRegistry using default registry
172 silly mapToRegistry registry http://registry.npmjs.org/
173 silly mapToRegistry uri http://registry.npmjs.org/strong-pubsub-primus
174 verbose addNameRange registry:http://registry.npmjs.org/strong-pubsub-primus not in flight; fetching
175 silly cache add args [ 'strong-pubsub-proxy@^0.1.0', null ]
176 verbose cache add spec strong-pubsub-proxy@^0.1.0
177 silly cache add parsed spec { raw: 'strong-pubsub-proxy@^0.1.0',
177 silly cache add   scope: null,
177 silly cache add   name: 'strong-pubsub-proxy',
177 silly cache add   rawSpec: '^0.1.0',
177 silly cache add   spec: '>=0.1.0 <0.2.0',
177 silly cache add   type: 'range' }
178 verbose addNamed strong-pubsub-proxy@>=0.1.0 <0.2.0
179 silly addNamed semver.valid null
180 silly addNamed semver.validRange >=0.1.0 <0.2.0
181 silly addNameRange { name: 'strong-pubsub-proxy',
181 silly addNameRange   range: '>=0.1.0 <0.2.0',
181 silly addNameRange   hasData: false }
182 silly mapToRegistry name strong-pubsub-proxy
183 silly mapToRegistry using default registry
184 silly mapToRegistry registry http://registry.npmjs.org/
185 silly mapToRegistry uri http://registry.npmjs.org/strong-pubsub-proxy
186 verbose addNameRange registry:http://registry.npmjs.org/strong-pubsub-proxy not in flight; fetching
187 silly cache add args [ 'loopback-explorer@^1.1.0', null ]
188 verbose cache add spec loopback-explorer@^1.1.0
189 silly cache add parsed spec { raw: 'loopback-explorer@^1.1.0',
189 silly cache add   scope: null,
189 silly cache add   name: 'loopback-explorer',
189 silly cache add   rawSpec: '^1.1.0',
189 silly cache add   spec: '>=1.1.0 <2.0.0',
189 silly cache add   type: 'range' }
190 verbose addNamed loopback-explorer@>=1.1.0 <2.0.0
191 silly addNamed semver.valid null
192 silly addNamed semver.validRange >=1.1.0 <2.0.0
193 silly addNameRange { name: 'loopback-explorer',
193 silly addNameRange   range: '>=1.1.0 <2.0.0',
193 silly addNameRange   hasData: false }
194 silly mapToRegistry name loopback-explorer
195 silly mapToRegistry using default registry
196 silly mapToRegistry registry http://registry.npmjs.org/
197 silly mapToRegistry uri http://registry.npmjs.org/loopback-explorer
198 verbose addNameRange registry:http://registry.npmjs.org/loopback-explorer not in flight; fetching
199 silly cache add args [ 'gulp@^3.8.11', null ]
200 verbose cache add spec gulp@^3.8.11
201 silly cache add parsed spec { raw: 'gulp@^3.8.11',
201 silly cache add   scope: null,
201 silly cache add   name: 'gulp',
201 silly cache add   rawSpec: '^3.8.11',
201 silly cache add   spec: '>=3.8.11 <4.0.0',
201 silly cache add   type: 'range' }
202 verbose addNamed gulp@>=3.8.11 <4.0.0
203 silly addNamed semver.valid null
204 silly addNamed semver.validRange >=3.8.11 <4.0.0
205 silly addNameRange { name: 'gulp', range: '>=3.8.11 <4.0.0', hasData: false }
206 silly mapToRegistry name gulp
207 silly mapToRegistry using default registry
208 silly mapToRegistry registry http://registry.npmjs.org/
209 silly mapToRegistry uri http://registry.npmjs.org/gulp
210 verbose addNameRange registry:http://registry.npmjs.org/gulp not in flight; fetching
211 silly cache add args [ 'gulp-loopback-sdk-angular@^0.1.3', null ]
212 verbose cache add spec gulp-loopback-sdk-angular@^0.1.3
213 silly cache add parsed spec { raw: 'gulp-loopback-sdk-angular@^0.1.3',
213 silly cache add   scope: null,
213 silly cache add   name: 'gulp-loopback-sdk-angular',
213 silly cache add   rawSpec: '^0.1.3',
213 silly cache add   spec: '>=0.1.3 <0.2.0',
213 silly cache add   type: 'range' }
214 verbose addNamed gulp-loopback-sdk-angular@>=0.1.3 <0.2.0
215 silly addNamed semver.valid null
216 silly addNamed semver.validRange >=0.1.3 <0.2.0
217 silly addNameRange { name: 'gulp-loopback-sdk-angular',
217 silly addNameRange   range: '>=0.1.3 <0.2.0',
217 silly addNameRange   hasData: false }
218 silly mapToRegistry name gulp-loopback-sdk-angular
219 silly mapToRegistry using default registry
220 silly mapToRegistry registry http://registry.npmjs.org/
221 silly mapToRegistry uri http://registry.npmjs.org/gulp-loopback-sdk-angular
222 verbose addNameRange registry:http://registry.npmjs.org/gulp-loopback-sdk-angular not in flight; fetching
223 silly cache add args [ 'gulp-rename@^1.2.2', null ]
224 verbose cache add spec gulp-rename@^1.2.2
225 silly cache add parsed spec { raw: 'gulp-rename@^1.2.2',
225 silly cache add   scope: null,
225 silly cache add   name: 'gulp-rename',
225 silly cache add   rawSpec: '^1.2.2',
225 silly cache add   spec: '>=1.2.2 <2.0.0',
225 silly cache add   type: 'range' }
226 verbose addNamed gulp-rename@>=1.2.2 <2.0.0
227 silly addNamed semver.valid null
228 silly addNamed semver.validRange >=1.2.2 <2.0.0
229 silly addNameRange { name: 'gulp-rename', range: '>=1.2.2 <2.0.0', hasData: false }
230 silly mapToRegistry name gulp-rename
231 silly mapToRegistry using default registry
232 silly mapToRegistry registry http://registry.npmjs.org/
233 silly mapToRegistry uri http://registry.npmjs.org/gulp-rename
234 verbose addNameRange registry:http://registry.npmjs.org/gulp-rename not in flight; fetching
235 silly cache add args [ 'jshint@^2.5.6', null ]
236 verbose cache add spec jshint@^2.5.6
237 silly cache add parsed spec { raw: 'jshint@^2.5.6',
237 silly cache add   scope: null,
237 silly cache add   name: 'jshint',
237 silly cache add   rawSpec: '^2.5.6',
237 silly cache add   spec: '>=2.5.6 <3.0.0',
237 silly cache add   type: 'range' }
238 verbose addNamed jshint@>=2.5.6 <3.0.0
239 silly addNamed semver.valid null
240 silly addNamed semver.validRange >=2.5.6 <3.0.0
241 silly addNameRange { name: 'jshint', range: '>=2.5.6 <3.0.0', hasData: false }
242 silly mapToRegistry name jshint
243 silly mapToRegistry using default registry
244 silly mapToRegistry registry http://registry.npmjs.org/
245 silly mapToRegistry uri http://registry.npmjs.org/jshint
246 verbose addNameRange registry:http://registry.npmjs.org/jshint not in flight; fetching
247 silly cache add args [ 'binary-pack@^1.0.0', null ]
248 verbose cache add spec binary-pack@^1.0.0
249 silly cache add parsed spec { raw: 'binary-pack@^1.0.0',
249 silly cache add   scope: null,
249 silly cache add   name: 'binary-pack',
249 silly cache add   rawSpec: '^1.0.0',
249 silly cache add   spec: '>=1.0.0 <2.0.0',
249 silly cache add   type: 'range' }
250 verbose addNamed binary-pack@>=1.0.0 <2.0.0
251 silly addNamed semver.valid null
252 silly addNamed semver.validRange >=1.0.0 <2.0.0
253 silly addNameRange { name: 'binary-pack', range: '>=1.0.0 <2.0.0', hasData: false }
254 silly mapToRegistry name binary-pack
255 silly mapToRegistry using default registry
256 silly mapToRegistry registry http://registry.npmjs.org/
257 silly mapToRegistry uri http://registry.npmjs.org/binary-pack
258 verbose addNameRange registry:http://registry.npmjs.org/binary-pack not in flight; fetching
259 verbose request uri http://registry.npmjs.org/strong-pubsub
260 verbose request no auth needed
261 info attempt registry request try #1 at 9:35:48 AM
262 verbose request id c9151195baf3d3c1
263 http request GET http://registry.npmjs.org/strong-pubsub
264 verbose request uri http://registry.npmjs.org/strong-pubsub-connection-mqtt
265 verbose request no auth needed
266 info attempt registry request try #1 at 9:35:48 AM
267 http request GET http://registry.npmjs.org/strong-pubsub-connection-mqtt
268 verbose request uri http://registry.npmjs.org/strong-pubsub-mqtt
269 verbose request no auth needed
270 info attempt registry request try #1 at 9:35:48 AM
271 http request GET http://registry.npmjs.org/strong-pubsub-mqtt
272 verbose request uri http://registry.npmjs.org/strong-pubsub-primus
273 verbose request no auth needed
274 info attempt registry request try #1 at 9:35:48 AM
275 http request GET http://registry.npmjs.org/strong-pubsub-primus
276 verbose request uri http://registry.npmjs.org/strong-pubsub-proxy
277 verbose request no auth needed
278 info attempt registry request try #1 at 9:35:48 AM
279 http request GET http://registry.npmjs.org/strong-pubsub-proxy
280 verbose request uri http://registry.npmjs.org/gulp
281 verbose request no auth needed
282 info attempt registry request try #1 at 9:35:48 AM
283 http request GET http://registry.npmjs.org/gulp
284 verbose request uri http://registry.npmjs.org/gulp-loopback-sdk-angular
285 verbose request no auth needed
286 info attempt registry request try #1 at 9:35:48 AM
287 http request GET http://registry.npmjs.org/gulp-loopback-sdk-angular
288 verbose request uri http://registry.npmjs.org/gulp-rename
289 verbose request no auth needed
290 info attempt registry request try #1 at 9:35:48 AM
291 http request GET http://registry.npmjs.org/gulp-rename
292 verbose request uri http://registry.npmjs.org/debug
293 verbose request no auth needed
294 info attempt registry request try #1 at 9:35:48 AM
295 verbose etag "28CP1NE0BSBJ48G6ZFQEJYHK6"
296 http request GET http://registry.npmjs.org/debug
297 verbose request uri http://registry.npmjs.org/compression
298 verbose request no auth needed
299 info attempt registry request try #1 at 9:35:48 AM
300 verbose etag "5MKXSHQ5CELWIDNSTRVRU13B6"
301 http request GET http://registry.npmjs.org/compression
302 verbose request uri http://registry.npmjs.org/duplex
303 verbose request no auth needed
304 info attempt registry request try #1 at 9:35:48 AM
305 verbose etag "BHIR8Q294QZN2YR2M1KHIQWU5"
306 http request GET http://registry.npmjs.org/duplex
307 verbose request uri http://registry.npmjs.org/errorhandler
308 verbose request no auth needed
309 info attempt registry request try #1 at 9:35:48 AM
310 verbose etag "1NGRUZ3P565933S3YIY92048R"
311 http request GET http://registry.npmjs.org/errorhandler
312 verbose request uri http://registry.npmjs.org/loopback-boot
313 verbose request no auth needed
314 info attempt registry request try #1 at 9:35:48 AM
315 verbose etag "21J7SK2FQA59C6ASFM0W66WJR"
316 http request GET http://registry.npmjs.org/loopback-boot
317 verbose request uri http://registry.npmjs.org/loopback
318 verbose request no auth needed
319 info attempt registry request try #1 at 9:35:48 AM
320 verbose etag "BL01FXQ3LF29DW68OS4HW0D1T"
321 http request GET http://registry.npmjs.org/loopback
322 verbose request uri http://registry.npmjs.org/engine.io
323 verbose request no auth needed
324 info attempt registry request try #1 at 9:35:48 AM
325 verbose etag "ITYAOVA7FCSL93H4AY17I7A4"
326 http request GET http://registry.npmjs.org/engine.io
327 verbose request uri http://registry.npmjs.org/serve-favicon
328 verbose request no auth needed
329 info attempt registry request try #1 at 9:35:48 AM
330 verbose etag "E5BSLOF3LLVN5Z1U3UXYTQLI9"
331 http request GET http://registry.npmjs.org/serve-favicon
332 verbose request uri http://registry.npmjs.org/loopback-datasource-juggler
333 verbose request no auth needed
334 info attempt registry request try #1 at 9:35:48 AM
335 verbose etag "4UKZHENNBPHK1W2Y9TXYVJLAE"
336 http request GET http://registry.npmjs.org/loopback-datasource-juggler
337 verbose request uri http://registry.npmjs.org/primus
338 verbose request no auth needed
339 info attempt registry request try #1 at 9:35:48 AM
340 verbose etag "8TU2KERA5NWZTQJ6C3ZNLMVPO"
341 http request GET http://registry.npmjs.org/primus
342 verbose request uri http://registry.npmjs.org/binary-pack
343 verbose request no auth needed
344 info attempt registry request try #1 at 9:35:48 AM
345 verbose etag "9EC83GPEM05NVNXHOWS194HLN"
346 http request GET http://registry.npmjs.org/binary-pack
347 verbose request uri http://registry.npmjs.org/jshint
348 verbose request no auth needed
349 info attempt registry request try #1 at 9:35:48 AM
350 verbose etag "3HHL49UYYYSN8365W8NUKOO52"
351 http request GET http://registry.npmjs.org/jshint
352 verbose request uri http://registry.npmjs.org/loopback-explorer
353 verbose request no auth needed
354 info attempt registry request try #1 at 9:35:48 AM
355 verbose etag "14ZTW17ZWR31K80A09EK8KTDI"
356 http request GET http://registry.npmjs.org/loopback-explorer
357 http 200 http://registry.npmjs.org/gulp-rename
358 silly get cb [ 200,
358 silly get   { server: 'CouchDB/1.5.0 (Erlang OTP/R16B03)',
358 silly get     etag: '"M59Y93CC06MF7RDGE94RGAMS"',
358 silly get     'content-type': 'application/json',
358 silly get     'cache-control': 'max-age=60',
358 silly get     'content-length': '11955',
358 silly get     'accept-ranges': 'bytes',
358 silly get     date: 'Fri, 17 Apr 2015 16:35:48 GMT',
358 silly get     via: '1.1 varnish',
358 silly get     age: '26',
358 silly get     connection: 'keep-alive',
358 silly get     'x-served-by': 'cache-lax1429-LAX',
358 silly get     'x-cache': 'HIT',
358 silly get     'x-cache-hits': '12',
358 silly get     'x-timer': 'S1429288548.692025,VS0,VE0',
358 silly get     vary: 'Accept' } ]
359 verbose get saving gulp-rename to /Users/ritch/.npm/registry.npmjs.org/gulp-rename/.cache.json
360 silly addNameRange number 2 { name: 'gulp-rename', range: '>=1.2.2 <2.0.0', hasData: true }
361 silly addNameRange versions [ 'gulp-rename',
361 silly addNameRange   [ '0.1.0', '0.2.1', '0.2.2', '1.0.0', '1.1.0', '1.2.0', '1.2.2' ] ]
362 verbose addNamed gulp-rename@1.2.2
363 silly addNamed semver.valid 1.2.2
364 silly addNamed semver.validRange 1.2.2
365 http 304 http://registry.npmjs.org/errorhandler
366 silly get cb [ 304,
366 silly get   { date: 'Fri, 17 Apr 2015 16:35:48 GMT',
366 silly get     via: '1.1 varnish',
366 silly get     'last-modified': 'Fri, 17 Apr 2015 16:35:43 GMT',
366 silly get     'cache-control': 'max-age=60',
366 silly get     etag: '"1NGRUZ3P565933S3YIY92048R"',
366 silly get     age: '5',
366 silly get     connection: 'keep-alive',
366 silly get     'x-served-by': 'cache-lax1427-LAX',
366 silly get     'x-cache': 'HIT',
366 silly get     'x-cache-hits': '2',
366 silly get     'x-timer': 'S1429288548.702828,VS0,VE0',
366 silly get     vary: 'Accept' } ]
367 verbose etag http://registry.npmjs.org/errorhandler from cache
368 verbose get saving errorhandler to /Users/ritch/.npm/registry.npmjs.org/errorhandler/.cache.json
369 silly mapToRegistry name gulp-rename
370 silly mapToRegistry using default registry
371 silly mapToRegistry registry http://registry.npmjs.org/
372 silly mapToRegistry uri http://registry.npmjs.org/gulp-rename
373 verbose addRemoteTarball http://registry.npmjs.org/gulp-rename/-/gulp-rename-1.2.2.tgz not in flight; adding
374 verbose addRemoteTarball [ 'http://registry.npmjs.org/gulp-rename/-/gulp-rename-1.2.2.tgz',
374 verbose addRemoteTarball   '3ad4428763f05e2764dec1c67d868db275687817' ]
375 http 304 http://registry.npmjs.org/serve-favicon
376 silly get cb [ 304,
376 silly get   { date: 'Fri, 17 Apr 2015 16:35:48 GMT',
376 silly get     via: '1.1 varnish',
376 silly get     'last-modified': 'Fri, 17 Apr 2015 16:35:48 GMT',
376 silly get     'cache-control': 'max-age=60',
376 silly get     etag: '"E5BSLOF3LLVN5Z1U3UXYTQLI9"',
376 silly get     age: '11',
376 silly get     connection: 'keep-alive',
376 silly get     'x-served-by': 'cache-lax1432-LAX',
376 silly get     'x-cache': 'HIT',
376 silly get     'x-cache-hits': '1',
376 silly get     'x-timer': 'S1429288548.710049,VS0,VE0',
376 silly get     vary: 'Accept' } ]
377 verbose etag http://registry.npmjs.org/serve-favicon from cache
378 verbose get saving serve-favicon to /Users/ritch/.npm/registry.npmjs.org/serve-favicon/.cache.json
379 http 200 http://registry.npmjs.org/debug
380 silly get cb [ 200,
380 silly get   { server: 'CouchDB/1.5.0 (Erlang OTP/R16B03)',
380 silly get     etag: '"D1YYJACBRBXEKW639MMZV2PGM"',
380 silly get     'content-type': 'application/json',
380 silly get     'cache-control': 'max-age=60',
380 silly get     'content-length': '32905',
380 silly get     'accept-ranges': 'bytes',
380 silly get     date: 'Fri, 17 Apr 2015 16:35:48 GMT',
380 silly get     via: '1.1 varnish',
380 silly get     age: '37',
380 silly get     connection: 'keep-alive',
380 silly get     'x-served-by': 'cache-lax1422-LAX',
380 silly get     'x-cache': 'HIT',
380 silly get     'x-cache-hits': '3',
380 silly get     'x-timer': 'S1429288548.697378,VS0,VE0',
380 silly get     vary: 'Accept' } ]
381 verbose get saving debug to /Users/ritch/.npm/registry.npmjs.org/debug/.cache.json
382 info retry fetch attempt 1 at 9:35:48 AM
383 info attempt registry request try #1 at 9:35:48 AM
384 http fetch GET http://registry.npmjs.org/gulp-rename/-/gulp-rename-1.2.2.tgz
385 http 200 http://registry.npmjs.org/strong-pubsub-primus
386 silly get cb [ 200,
386 silly get   { server: 'CouchDB/1.5.0 (Erlang OTP/R16B03)',
386 silly get     etag: '"6P07JLJQPO9OEDOZBP4KL8Y66"',
386 silly get     'content-type': 'application/json',
386 silly get     'cache-control': 'max-age=60',
386 silly get     'content-length': '2421',
386 silly get     'accept-ranges': 'bytes',
386 silly get     date: 'Fri, 17 Apr 2015 16:35:48 GMT',
386 silly get     via: '1.1 varnish',
386 silly get     age: '0',
386 silly get     connection: 'keep-alive',
386 silly get     'x-served-by': 'cache-lax1434-LAX',
386 silly get     'x-cache': 'MISS',
386 silly get     'x-cache-hits': '0',
386 silly get     'x-timer': 'S1429288548.683438,VS0,VE53',
386 silly get     vary: 'Accept' } ]
387 verbose get saving strong-pubsub-primus to /Users/ritch/.npm/registry.npmjs.org/strong-pubsub-primus/.cache.json
388 silly addNameRange number 2 { name: 'errorhandler', range: '>=1.1.1 <2.0.0', hasData: true }
389 silly addNameRange versions [ 'errorhandler',
389 silly addNameRange   [ '1.0.0',
389 silly addNameRange     '1.0.1',
389 silly addNameRange     '1.0.2',
389 silly addNameRange     '1.1.0',
389 silly addNameRange     '1.1.1',
389 silly addNameRange     '1.2.0',
389 silly addNameRange     '1.2.1',
389 silly addNameRange     '1.2.2',
389 silly addNameRange     '1.2.3',
389 silly addNameRange     '1.3.0',
389 silly addNameRange     '1.3.1',
389 silly addNameRange     '1.2.4',
389 silly addNameRange     '1.3.2',
389 silly addNameRange     '1.3.3',
389 silly addNameRange     '1.3.4',
389 silly addNameRange     '1.3.5' ] ]
390 verbose addNamed errorhandler@1.3.5
391 silly addNamed semver.valid 1.3.5
392 silly addNamed semver.validRange 1.3.5
393 http 200 http://registry.npmjs.org/strong-pubsub-mqtt
394 silly get cb [ 200,
394 silly get   { server: 'CouchDB/1.5.0 (Erlang OTP/R16B03)',
394 silly get     etag: '"B8GEW63BLIEKG340PKXZDMMSR"',
394 silly get     'content-type': 'application/json',
394 silly get     'cache-control': 'max-age=60',
394 silly get     'content-length': '1898',
394 silly get     'accept-ranges': 'bytes',
394 silly get     date: 'Fri, 17 Apr 2015 16:35:48 GMT',
394 silly get     via: '1.1 varnish',
394 silly get     age: '0',
394 silly get     connection: 'keep-alive',
394 silly get     'x-served-by': 'cache-lax1423-LAX',
394 silly get     'x-cache': 'MISS',
394 silly get     'x-cache-hits': '0',
394 silly get     'x-timer': 'S1429288548.690849,VS0,VE50',
394 silly get     vary: 'Accept' } ]
395 verbose get saving strong-pubsub-mqtt to /Users/ritch/.npm/registry.npmjs.org/strong-pubsub-mqtt/.cache.json
396 http 200 http://registry.npmjs.org/strong-pubsub-connection-mqtt
397 silly get cb [ 200,
397 silly get   { server: 'CouchDB/1.5.0 (Erlang OTP/R16B03)',
397 silly get     etag: '"C1RZ4Q4UIMYEKK0NHU31ROL0S"',
397 silly get     'content-type': 'application/json',
397 silly get     'cache-control': 'max-age=60',
397 silly get     'content-length': '2020',
397 silly get     'accept-ranges': 'bytes',
397 silly get     date: 'Fri, 17 Apr 2015 16:35:48 GMT',
397 silly get     via: '1.1 varnish',
397 silly get     age: '0',
397 silly get     connection: 'keep-alive',
397 silly get     'x-served-by': 'cache-lax1429-LAX',
397 silly get     'x-cache': 'MISS',
397 silly get     'x-cache-hits': '0',
397 silly get     'x-timer': 'S1429288548.692092,VS0,VE52',
397 silly get     vary: 'Accept' } ]
398 verbose get saving strong-pubsub-connection-mqtt to /Users/ritch/.npm/registry.npmjs.org/strong-pubsub-connection-mqtt/.cache.json
399 silly addNameRange number 2 { name: 'serve-favicon', range: '>=2.0.1 <3.0.0', hasData: true }
400 silly addNameRange versions [ 'serve-favicon',
400 silly addNameRange   [ '2.0.0',
400 silly addNameRange     '2.0.1',
400 silly addNameRange     '2.1.0',
400 silly addNameRange     '2.1.1',
400 silly addNameRange     '2.1.2',
400 silly addNameRange     '2.1.3',
400 silly addNameRange     '2.1.4',
400 silly addNameRange     '2.1.5',
400 silly addNameRange     '2.1.6',
400 silly addNameRange     '2.1.7',
400 silly addNameRange     '2.2.0' ] ]
401 verbose addNamed serve-favicon@2.2.0
402 silly addNamed semver.valid 2.2.0
403 silly addNamed semver.validRange 2.2.0
404 silly addNameRange number 2 { name: 'debug', range: '>=2.1.3 <3.0.0', hasData: true }
405 silly addNameRange versions [ 'debug',
405 silly addNameRange   [ '0.0.1',
405 silly addNameRange     '0.1.0',
405 silly addNameRange     '0.2.0',
405 silly addNameRange     '0.3.0',
405 silly addNameRange     '0.4.0',
405 silly addNameRange     '0.4.1',
405 silly addNameRange     '0.5.0',
405 silly addNameRange     '0.6.0',
405 silly addNameRange     '0.7.0',
405 silly addNameRange     '0.7.1',
405 silly addNameRange     '0.7.2',
405 silly addNameRange     '0.7.3',
405 silly addNameRange     '0.7.4',
405 silly addNameRange     '0.8.0',
405 silly addNameRange     '0.8.1',
405 silly addNameRange     '1.0.0',
405 silly addNameRange     '1.0.1',
405 silly addNameRange     '1.0.2',
405 silly addNameRange     '1.0.3',
405 silly addNameRange     '1.0.4',
405 silly addNameRange     '2.0.0',
405 silly addNameRange     '2.1.0',
405 silly addNameRange     '2.1.1',
405 silly addNameRange     '2.1.2',
405 silly addNameRange     '2.1.3' ] ]
406 verbose addNamed debug@2.1.3
407 silly addNamed semver.valid 2.1.3
408 silly addNamed semver.validRange 2.1.3
409 http 200 http://registry.npmjs.org/strong-pubsub
410 silly get cb [ 200,
410 silly get   { server: 'CouchDB/1.5.0 (Erlang OTP/R16B03)',
410 silly get     etag: '"5EHZCT0Z16BC8RWMT1CEL2NCW"',
410 silly get     'content-type': 'application/json',
410 silly get     'cache-control': 'max-age=60',
410 silly get     'content-length': '6083',
410 silly get     'accept-ranges': 'bytes',
410 silly get     date: 'Fri, 17 Apr 2015 16:35:48 GMT',
410 silly get     via: '1.1 varnish',
410 silly get     age: '0',
410 silly get     connection: 'keep-alive',
410 silly get     'x-served-by': 'cache-lax1435-LAX',
410 silly get     'x-cache': 'MISS',
410 silly get     'x-cache-hits': '0',
410 silly get     'x-timer': 'S1429288548.690558,VS0,VE55',
410 silly get     vary: 'Accept' } ]
411 verbose get saving strong-pubsub to /Users/ritch/.npm/registry.npmjs.org/strong-pubsub/.cache.json
412 http 304 http://registry.npmjs.org/engine.io
413 silly get cb [ 304,
413 silly get   { date: 'Fri, 17 Apr 2015 16:35:48 GMT',
413 silly get     via: '1.1 varnish',
413 silly get     'last-modified': 'Fri, 17 Apr 2015 16:35:48 GMT',
413 silly get     'cache-control': 'max-age=60',
413 silly get     etag: '"ITYAOVA7FCSL93H4AY17I7A4"',
413 silly get     age: '0',
413 silly get     connection: 'keep-alive',
413 silly get     'x-served-by': 'cache-lax1427-LAX',
413 silly get     'x-cache': 'HIT',
413 silly get     'x-cache-hits': '1',
413 silly get     'x-timer': 'S1429288548.702849,VS0,VE46',
413 silly get     vary: 'Accept' } ]
414 verbose etag http://registry.npmjs.org/engine.io from cache
415 verbose get saving engine.io to /Users/ritch/.npm/registry.npmjs.org/engine.io/.cache.json
416 silly cache afterAdd errorhandler@1.3.5
417 verbose afterAdd /Users/ritch/.npm/errorhandler/1.3.5/package/package.json not in flight; writing
418 silly addNameRange number 2 { name: 'strong-pubsub-mqtt',
418 silly addNameRange   range: '>=0.1.1 <0.2.0',
418 silly addNameRange   hasData: true }
419 silly addNameRange versions [ 'strong-pubsub-mqtt', [ '0.1.0' ] ]
420 silly cache afterAdd debug@2.1.3
421 verbose afterAdd /Users/ritch/.npm/debug/2.1.3/package/package.json not in flight; writing
422 silly addNameRange number 2 { name: 'strong-pubsub-primus',
422 silly addNameRange   range: '>=0.1.0 <0.2.0',
422 silly addNameRange   hasData: true }
423 silly addNameRange versions [ 'strong-pubsub-primus', [ '0.1.0' ] ]
424 verbose addNamed strong-pubsub-primus@0.1.0
425 silly addNamed semver.valid 0.1.0
426 silly addNamed semver.validRange 0.1.0
427 silly addNameRange number 2 { name: 'strong-pubsub-connection-mqtt',
427 silly addNameRange   range: '>=0.1.4 <0.2.0',
427 silly addNameRange   hasData: true }
428 silly addNameRange versions [ 'strong-pubsub-connection-mqtt', [ '0.1.0' ] ]
429 http 200 http://registry.npmjs.org/compression
430 silly get cb [ 200,
430 silly get   { server: 'CouchDB/1.5.0 (Erlang OTP/R16B03)',
430 silly get     etag: '"39T1VOQ0B9PIDXH4APVIFUKRK"',
430 silly get     'content-type': 'application/json',
430 silly get     'cache-control': 'max-age=60',
430 silly get     'content-length': '50257',
430 silly get     'accept-ranges': 'bytes',
430 silly get     date: 'Fri, 17 Apr 2015 16:35:48 GMT',
430 silly get     via: '1.1 varnish',
430 silly get     age: '5',
430 silly get     connection: 'keep-alive',
430 silly get     'x-served-by': 'cache-lax1423-LAX',
430 silly get     'x-cache': 'HIT',
430 silly get     'x-cache-hits': '1',
430 silly get     'x-timer': 'S1429288548.702883,VS0,VE0',
430 silly get     vary: 'Accept' } ]
431 verbose get saving compression to /Users/ritch/.npm/registry.npmjs.org/compression/.cache.json
432 silly cache afterAdd serve-favicon@2.2.0
433 verbose afterAdd /Users/ritch/.npm/serve-favicon/2.2.0/package/package.json not in flight; writing
434 http 304 http://registry.npmjs.org/loopback-explorer
435 silly get cb [ 304,
435 silly get   { date: 'Fri, 17 Apr 2015 16:35:48 GMT',
435 silly get     via: '1.1 varnish',
435 silly get     'last-modified': 'Fri, 17 Apr 2015 16:35:48 GMT',
435 silly get     'cache-control': 'max-age=60',
435 silly get     etag: '"14ZTW17ZWR31K80A09EK8KTDI"',
435 silly get     age: '0',
435 silly get     connection: 'keep-alive',
435 silly get     'x-served-by': 'cache-lax1431-LAX',
435 silly get     'x-cache': 'HIT',
435 silly get     'x-cache-hits': '1',
435 silly get     'x-timer': 'S1429288548.710244,VS0,VE49',
435 silly get     vary: 'Accept' } ]
436 verbose etag http://registry.npmjs.org/loopback-explorer from cache
437 verbose get saving loopback-explorer to /Users/ritch/.npm/registry.npmjs.org/loopback-explorer/.cache.json
438 verbose afterAdd /Users/ritch/.npm/errorhandler/1.3.5/package/package.json written
439 silly addNameRange number 2 { name: 'strong-pubsub', range: '>=0.1.9 <0.2.0', hasData: true }
440 silly addNameRange versions [ 'strong-pubsub', [ '0.1.0' ] ]
441 silly addNameRange number 2 { name: 'engine.io', range: '>=1.5.1 <2.0.0', hasData: true }
442 silly addNameRange versions [ 'engine.io',
442 silly addNameRange   [ '0.1.0',
442 silly addNameRange     '0.1.1',
442 silly addNameRange     '0.1.2',
442 silly addNameRange     '0.2.0',
442 silly addNameRange     '0.2.1',
442 silly addNameRange     '0.2.2',
442 silly addNameRange     '0.3.0',
442 silly addNameRange     '0.3.1',
442 silly addNameRange     '0.3.2',
442 silly addNameRange     '0.3.3',
442 silly addNameRange     '0.3.4',
442 silly addNameRange     '0.3.5',
442 silly addNameRange     '0.3.7',
442 silly addNameRange     '0.3.8',
442 silly addNameRange     '0.3.9',
442 silly addNameRange     '0.3.10',
442 silly addNameRange     '0.4.1',
442 silly addNameRange     '0.4.2',
442 silly addNameRange     '0.4.3',
442 silly addNameRange     '0.5.0',
442 silly addNameRange     '0.6.0',
442 silly addNameRange     '0.6.1',
442 silly addNameRange     '0.6.2',
442 silly addNameRange     '0.6.3',
442 silly addNameRange     '0.7.0',
442 silly addNameRange     '0.7.1',
442 silly addNameRange     '0.7.2',
442 silly addNameRange     '0.7.3',
442 silly addNameRange     '0.7.4',
442 silly addNameRange     '0.7.5',
442 silly addNameRange     '0.7.6',
442 silly addNameRange     '0.7.7',
442 silly addNameRange     '0.7.8',
442 silly addNameRange     '0.7.9',
442 silly addNameRange     '0.7.10',
442 silly addNameRange     '0.7.11',
442 silly addNameRange     '0.7.12',
442 silly addNameRange     '0.7.13',
442 silly addNameRange     '0.7.14',
442 silly addNameRange     '0.8.0',
442 silly addNameRange     '0.8.1',
442 silly addNameRange     '0.8.2',
442 silly addNameRange     '0.9.0',
442 silly addNameRange     '1.0.0',
442 silly addNameRange     '1.0.1',
442 silly addNameRange     '1.0.2',
442 silly addNameRange     '1.0.3',
442 silly addNameRange     '1.0.4',
442 silly addNameRange     '1.0.5',
442 silly addNameRange     '1.1.0',
442 silly addNameRange     '1.1.1',
442 silly addNameRange     '1.2.0',
442 silly addNameRange     '1.2.1',
442 silly addNameRange     '1.2.2',
442 silly addNameRange     '1.3.0',
442 silly addNameRange     '1.3.1',
442 silly addNameRange     '1.4.0',
442 silly addNameRange     '1.4.1',
442 silly addNameRange     '1.4.2',
442 silly addNameRange     '1.4.3',
442 silly addNameRange     '1.5.0',
442 silly addNameRange     '1.5.1' ] ]
443 verbose addNamed engine.io@1.5.1
444 silly addNamed semver.valid 1.5.1
445 silly addNamed semver.validRange 1.5.1
446 verbose afterAdd /Users/ritch/.npm/debug/2.1.3/package/package.json written
447 verbose afterAdd /Users/ritch/.npm/serve-favicon/2.2.0/package/package.json written
448 silly cache afterAdd strong-pubsub-primus@0.1.0
449 verbose afterAdd /Users/ritch/.npm/strong-pubsub-primus/0.1.0/package/package.json not in flight; writing
450 http fetch 200 http://registry.npmjs.org/gulp-rename/-/gulp-rename-1.2.2.tgz
451 silly addNameRange number 2 { name: 'compression', range: '>=1.0.3 <2.0.0', hasData: true }
452 silly addNameRange versions [ 'compression',
452 silly addNameRange   [ '1.0.0',
452 silly addNameRange     '1.0.1',
452 silly addNameRange     '1.0.2',
452 silly addNameRange     '1.0.3',
452 silly addNameRange     '1.0.4',
452 silly addNameRange     '1.0.5',
452 silly addNameRange     '1.0.6',
452 silly addNameRange     '1.0.7',
452 silly addNameRange     '1.0.8',
452 silly addNameRange     '1.0.9',
452 silly addNameRange     '1.0.10',
452 silly addNameRange     '1.0.11',
452 silly addNameRange     '1.1.0',
452 silly addNameRange     '1.1.1',
452 silly addNameRange     '1.1.2',
452 silly addNameRange     '1.2.0',
452 silly addNameRange     '1.2.1',
452 silly addNameRange     '1.2.2',
452 silly addNameRange     '1.3.0',
452 silly addNameRange     '1.3.1',
452 silly addNameRange     '1.4.0',
452 silly addNameRange     '1.4.1',
452 silly addNameRange     '1.4.2',
452 silly addNameRange     '1.4.3' ] ]
453 verbose addNamed compression@1.4.3
454 silly addNamed semver.valid 1.4.3
455 silly addNamed semver.validRange 1.4.3
456 http 200 http://registry.npmjs.org/strong-pubsub-proxy
457 silly get cb [ 200,
457 silly get   { server: 'CouchDB/1.5.0 (Erlang OTP/R16B03)',
457 silly get     etag: '"B1VFNRYSQPLNY9C4CN4EM3WY6"',
457 silly get     'content-type': 'application/json',
457 silly get     'cache-control': 'max-age=60',
457 silly get     'content-length': '3109',
457 silly get     'accept-ranges': 'bytes',
457 silly get     date: 'Fri, 17 Apr 2015 16:35:48 GMT',
457 silly get     via: '1.1 varnish',
457 silly get     age: '0',
457 silly get     connection: 'keep-alive',
457 silly get     'x-served-by': 'cache-lax1424-LAX',
457 silly get     'x-cache': 'MISS',
457 silly get     'x-cache-hits': '0',
457 silly get     'x-timer': 'S1429288548.690640,VS0,VE80',
457 silly get     vary: 'Accept' } ]
458 verbose get saving strong-pubsub-proxy to /Users/ritch/.npm/registry.npmjs.org/strong-pubsub-proxy/.cache.json
459 silly addNameRange number 2 { name: 'loopback-explorer',
459 silly addNameRange   range: '>=1.1.0 <2.0.0',
459 silly addNameRange   hasData: true }
460 silly addNameRange versions [ 'loopback-explorer',
460 silly addNameRange   [ '1.0.0',
460 silly addNameRange     '1.0.1',
460 silly addNameRange     '1.0.2',
460 silly addNameRange     '1.1.0',
460 silly addNameRange     '1.1.1',
460 silly addNameRange     '1.2.0',
460 silly addNameRange     '1.2.1',
460 silly addNameRange     '1.2.2',
460 silly addNameRange     '1.2.3',
460 silly addNameRange     '1.2.4',
460 silly addNameRange     '1.2.5',
460 silly addNameRange     '1.2.6',
460 silly addNameRange     '1.2.7',
460 silly addNameRange     '1.2.8',
460 silly addNameRange     '1.2.9',
460 silly addNameRange     '1.2.10',
460 silly addNameRange     '1.2.11',
460 silly addNameRange     '1.3.0',
460 silly addNameRange     '1.4.1',
460 silly addNameRange     '1.5.0',
460 silly addNameRange     '1.5.1',
460 silly addNameRange     '1.5.2',
460 silly addNameRange     '1.6.0',
460 silly addNameRange     '1.6.1',
460 silly addNameRange     '1.6.2',
460 silly addNameRange     '1.6.3',
460 silly addNameRange     '1.6.4',
460 silly addNameRange     '1.7.0',
460 silly addNameRange     '1.7.1',
460 silly addNameRange     '1.7.2' ] ]
461 verbose addNamed loopback-explorer@1.7.2
462 silly addNamed semver.valid 1.7.2
463 silly addNamed semver.validRange 1.7.2
464 http 200 http://registry.npmjs.org/gulp-loopback-sdk-angular
465 silly get cb [ 200,
465 silly get   { server: 'CouchDB/1.5.0 (Erlang OTP/R16B03)',
465 silly get     etag: '"3U0GSUT8IFRMCMN78R907CYV3"',
465 silly get     'content-type': 'application/json',
465 silly get     'cache-control': 'max-age=60',
465 silly get     'content-length': '7625',
465 silly get     'accept-ranges': 'bytes',
465 silly get     date: 'Fri, 17 Apr 2015 16:35:48 GMT',
465 silly get     via: '1.1 varnish',
465 silly get     age: '0',
465 silly get     connection: 'keep-alive',
465 silly get     'x-served-by': 'cache-lax1424-LAX',
465 silly get     'x-cache': 'MISS',
465 silly get     'x-cache-hits': '0',
465 silly get     'x-timer': 'S1429288548.690681,VS0,VE82',
465 silly get     vary: 'Accept' } ]
466 verbose get saving gulp-loopback-sdk-angular to /Users/ritch/.npm/registry.npmjs.org/gulp-loopback-sdk-angular/.cache.json
467 silly fetchAndShaCheck shasum 3ad4428763f05e2764dec1c67d868db275687817
468 http 304 http://registry.npmjs.org/duplex
469 silly get cb [ 304,
469 silly get   { date: 'Fri, 17 Apr 2015 16:35:48 GMT',
469 silly get     via: '1.1 varnish',
469 silly get     'last-modified': 'Fri, 17 Apr 2015 16:35:48 GMT',
469 silly get     'cache-control': 'max-age=60',
469 silly get     etag: '"BHIR8Q294QZN2YR2M1KHIQWU5"',
469 silly get     age: '0',
469 silly get     connection: 'keep-alive',
469 silly get     'x-served-by': 'cache-lax1431-LAX',
469 silly get     'x-cache': 'MISS',
469 silly get     'x-cache-hits': '0',
469 silly get     'x-timer': 'S1429288548.703245,VS0,VE78',
469 silly get     vary: 'Accept' } ]
470 verbose etag http://registry.npmjs.org/duplex from cache
471 verbose get saving duplex to /Users/ritch/.npm/registry.npmjs.org/duplex/.cache.json
472 silly cache afterAdd engine.io@1.5.1
473 verbose afterAdd /Users/ritch/.npm/engine.io/1.5.1/package/package.json not in flight; writing
474 verbose afterAdd /Users/ritch/.npm/strong-pubsub-primus/0.1.0/package/package.json written
475 verbose addTmpTarball /var/folders/0q/kz5rwr_n6cb3xtv6dwd58yh40000gn/T/npm-32285-e34ffd10/registry.npmjs.org/gulp-rename/-/gulp-rename-1.2.2.tgz not in flight; adding
476 verbose addTmpTarball already have metadata; skipping unpack for gulp-rename@1.2.2
477 http 304 http://registry.npmjs.org/primus
478 silly get cb [ 304,
478 silly get   { date: 'Fri, 17 Apr 2015 16:35:48 GMT',
478 silly get     via: '1.1 varnish',
478 silly get     'last-modified': 'Fri, 17 Apr 2015 16:35:48 GMT',
478 silly get     'cache-control': 'max-age=60',
478 silly get     etag: '"8TU2KERA5NWZTQJ6C3ZNLMVPO"',
478 silly get     age: '0',
478 silly get     connection: 'keep-alive',
478 silly get     'x-served-by': 'cache-lax1433-LAX',
478 silly get     'x-cache': 'HIT',
478 silly get     'x-cache-hits': '1',
478 silly get     'x-timer': 'S1429288548.711666,VS0,VE80',
478 silly get     vary: 'Accept' } ]
479 verbose etag http://registry.npmjs.org/primus from cache
480 verbose get saving primus to /Users/ritch/.npm/registry.npmjs.org/primus/.cache.json
481 silly cache afterAdd compression@1.4.3
482 verbose afterAdd /Users/ritch/.npm/compression/1.4.3/package/package.json not in flight; writing
483 silly cache afterAdd loopback-explorer@1.7.2
484 verbose afterAdd /Users/ritch/.npm/loopback-explorer/1.7.2/package/package.json not in flight; writing
485 verbose afterAdd /Users/ritch/.npm/engine.io/1.5.1/package/package.json written
486 silly addNameRange number 2 { name: 'strong-pubsub-proxy',
486 silly addNameRange   range: '>=0.1.0 <0.2.0',
486 silly addNameRange   hasData: true }
487 silly addNameRange versions [ 'strong-pubsub-proxy', [ '0.1.0' ] ]
488 verbose addNamed strong-pubsub-proxy@0.1.0
489 silly addNamed semver.valid 0.1.0
490 silly addNamed semver.validRange 0.1.0
491 silly addNameRange number 2 { name: 'gulp-loopback-sdk-angular',
491 silly addNameRange   range: '>=0.1.3 <0.2.0',
491 silly addNameRange   hasData: true }
492 silly addNameRange versions [ 'gulp-loopback-sdk-angular',
492 silly addNameRange   [ '0.1.0', '0.1.1', '0.1.2', '0.1.3' ] ]
493 verbose addNamed gulp-loopback-sdk-angular@0.1.3
494 silly addNamed semver.valid 0.1.3
495 silly addNamed semver.validRange 0.1.3
496 silly addNameRange number 2 { name: 'duplex', range: '>=1.0.0 <2.0.0', hasData: true }
497 silly addNameRange versions [ 'duplex',
497 silly addNameRange   [ '0.0.1',
497 silly addNameRange     '0.1.0',
497 silly addNameRange     '0.1.1',
497 silly addNameRange     '0.1.2',
497 silly addNameRange     '0.1.3',
497 silly addNameRange     '0.1.4',
497 silly addNameRange     '0.2.0',
497 silly addNameRange     '0.2.1',
497 silly addNameRange     '0.2.2',
497 silly addNameRange     '0.2.4',
497 silly addNameRange     '1.0.0' ] ]
498 verbose addNamed duplex@1.0.0
499 silly addNamed semver.valid 1.0.0
500 silly addNamed semver.validRange 1.0.0
501 http 200 http://registry.npmjs.org/binary-pack
502 silly get cb [ 200,
502 silly get   { server: 'CouchDB/1.5.0 (Erlang OTP/R16B03)',
502 silly get     etag: '"9CC10PMF1A0AT6HDQ9QVLEK3F"',
502 silly get     'content-type': 'application/json',
502 silly get     'cache-control': 'max-age=60',
502 silly get     'content-length': '6458',
502 silly get     'accept-ranges': 'bytes',
502 silly get     date: 'Fri, 17 Apr 2015 16:35:48 GMT',
502 silly get     via: '1.1 varnish',
502 silly get     age: '0',
502 silly get     connection: 'keep-alive',
502 silly get     'x-served-by': 'cache-lax1429-LAX',
502 silly get     'x-cache': 'MISS',
502 silly get     'x-cache-hits': '0',
502 silly get     'x-timer': 'S1429288548.711120,VS0,VE82',
502 silly get     vary: 'Accept' } ]
503 verbose get saving binary-pack to /Users/ritch/.npm/registry.npmjs.org/binary-pack/.cache.json
504 silly mapToRegistry name gulp-loopback-sdk-angular
505 silly mapToRegistry using default registry
506 silly mapToRegistry registry http://registry.npmjs.org/
507 silly mapToRegistry uri http://registry.npmjs.org/gulp-loopback-sdk-angular
508 verbose addRemoteTarball http://registry.npmjs.org/gulp-loopback-sdk-angular/-/gulp-loopback-sdk-angular-0.1.3.tgz not in flight; adding
509 verbose addRemoteTarball [ 'http://registry.npmjs.org/gulp-loopback-sdk-angular/-/gulp-loopback-sdk-angular-0.1.3.tgz',
509 verbose addRemoteTarball   '58cea476bcc8cf95e7b7ed5eb493a06789bed71b' ]
510 verbose afterAdd /Users/ritch/.npm/compression/1.4.3/package/package.json written
511 verbose afterAdd /Users/ritch/.npm/loopback-explorer/1.7.2/package/package.json written
512 silly addNameRange number 2 { name: 'primus', range: '>=3.0.2 <4.0.0', hasData: true }
513 silly addNameRange versions [ 'primus',
513 silly addNameRange   [ '0.0.0',
513 silly addNameRange     '0.1.0',
513 silly addNameRange     '1.0.0',
513 silly addNameRange     '1.0.1',
513 silly addNameRange     '1.1.0',
513 silly addNameRange     '1.1.1',
513 silly addNameRange     '1.1.2',
513 silly addNameRange     '1.1.3',
513 silly addNameRange     '1.1.4',
513 silly addNameRange     '1.2.0',
513 silly addNameRange     '1.3.0',
513 silly addNameRange     '1.4.0',
513 silly addNameRange     '1.4.1',
513 silly addNameRange     '1.4.2',
513 silly addNameRange     '1.4.3',
513 silly addNameRange     '1.4.4',
513 silly addNameRange     '1.4.5',
513 silly addNameRange     '1.4.6',
513 silly addNameRange     '1.4.7',
513 silly addNameRange     '1.5.0',
513 silly addNameRange     '1.5.1',
513 silly addNameRange     '1.5.2',
513 silly addNameRange     '2.0.0',
513 silly addNameRange     '2.0.1',
513 silly addNameRange     '2.0.2',
513 silly addNameRange     '2.0.3',
513 silly addNameRange     '2.0.4',
513 silly addNameRange     '2.1.0',
513 silly addNameRange     '2.1.1',
513 silly addNameRange     '2.1.2',
513 silly addNameRange     '2.1.3',
513 silly addNameRange     '2.1.4',
513 silly addNameRange     '2.1.5',
513 silly addNameRange     '2.2.0',
513 silly addNameRange     '2.2.1',
513 silly addNameRange     '2.2.2',
513 silly addNameRange     '2.2.3',
513 silly addNameRange     '2.2.4',
513 silly addNameRange     '2.3.0',
513 silly addNameRange     '2.4.0',
513 silly addNameRange     '2.4.1',
513 silly addNameRange     '2.4.2',
513 silly addNameRange     '2.4.3',
513 silly addNameRange     '2.4.4',
513 silly addNameRange     '2.4.5',
513 silly addNameRange     '2.4.6',
513 silly addNameRange     '2.4.7',
513 silly addNameRange     '2.4.8',
513 silly addNameRange     '2.4.9',
513 silly addNameRange     '2.4.10',
513 silly addNameRange     '2.4.11',
513 silly addNameRange     '2.4.12',
513 silly addNameRange     '3.0.0',
513 silly addNameRange     '3.0.1',
513 silly addNameRange     '3.0.2' ] ]
514 verbose addNamed primus@3.0.2
515 silly addNamed semver.valid 3.0.2
516 silly addNamed semver.validRange 3.0.2
517 info retry fetch attempt 1 at 9:35:48 AM
518 info attempt registry request try #1 at 9:35:48 AM
519 http fetch GET http://registry.npmjs.org/gulp-loopback-sdk-angular/-/gulp-loopback-sdk-angular-0.1.3.tgz
520 silly mapToRegistry name strong-pubsub-proxy
521 silly mapToRegistry using default registry
522 silly mapToRegistry registry http://registry.npmjs.org/
523 silly mapToRegistry uri http://registry.npmjs.org/strong-pubsub-proxy
524 verbose addRemoteTarball http://registry.npmjs.org/strong-pubsub-proxy/-/strong-pubsub-proxy-0.1.0.tgz not in flight; adding
525 verbose addRemoteTarball [ 'http://registry.npmjs.org/strong-pubsub-proxy/-/strong-pubsub-proxy-0.1.0.tgz',
525 verbose addRemoteTarball   '7a002e5de04f7a3f5c3030d93695d4ab7d9e24ce' ]
526 silly cache afterAdd gulp-rename@1.2.2
527 verbose afterAdd /Users/ritch/.npm/gulp-rename/1.2.2/package/package.json not in flight; writing
528 silly mapToRegistry name primus
529 silly mapToRegistry using default registry
530 silly mapToRegistry registry http://registry.npmjs.org/
531 silly mapToRegistry uri http://registry.npmjs.org/primus
532 verbose addRemoteTarball http://registry.npmjs.org/primus/-/primus-3.0.2.tgz not in flight; adding
533 verbose addRemoteTarball [ 'http://registry.npmjs.org/primus/-/primus-3.0.2.tgz',
533 verbose addRemoteTarball   '6f89d9da60f712a831b808efb6d743b3fddbd45b' ]
534 silly cache afterAdd duplex@1.0.0
535 verbose afterAdd /Users/ritch/.npm/duplex/1.0.0/package/package.json not in flight; writing
536 http 200 http://registry.npmjs.org/loopback-boot
537 silly get cb [ 200,
537 silly get   { server: 'CouchDB/1.5.0 (Erlang OTP/R16B03)',
537 silly get     etag: '"6CU8K98HAE450HMO0VNM8D75B"',
537 silly get     'content-type': 'application/json',
537 silly get     'cache-control': 'max-age=60',
537 silly get     'content-length': '38263',
537 silly get     'accept-ranges': 'bytes',
537 silly get     date: 'Fri, 17 Apr 2015 16:35:48 GMT',
537 silly get     via: '1.1 varnish',
537 silly get     age: '0',
537 silly get     connection: 'keep-alive',
537 silly get     'x-served-by': 'cache-lax1431-LAX',
537 silly get     'x-cache': 'HIT',
537 silly get     'x-cache-hits': '1',
537 silly get     'x-timer': 'S1429288548.703205,VS0,VE46',
537 silly get     vary: 'Accept' } ]
538 verbose get saving loopback-boot to /Users/ritch/.npm/registry.npmjs.org/loopback-boot/.cache.json
539 info retry fetch attempt 1 at 9:35:48 AM
540 info attempt registry request try #1 at 9:35:48 AM
541 http fetch GET http://registry.npmjs.org/strong-pubsub-proxy/-/strong-pubsub-proxy-0.1.0.tgz
542 silly addNameRange number 2 { name: 'binary-pack', range: '>=1.0.0 <2.0.0', hasData: true }
543 silly addNameRange versions [ 'binary-pack', [ '0.0.1', '0.0.2', '0.0.3', '1.0.0' ] ]
544 verbose addNamed binary-pack@1.0.0
545 silly addNamed semver.valid 1.0.0
546 silly addNamed semver.validRange 1.0.0
547 info retry fetch attempt 1 at 9:35:48 AM
548 info attempt registry request try #1 at 9:35:48 AM
549 http fetch GET http://registry.npmjs.org/primus/-/primus-3.0.2.tgz
550 silly mapToRegistry name binary-pack
551 silly mapToRegistry using default registry
552 silly mapToRegistry registry http://registry.npmjs.org/
553 silly mapToRegistry uri http://registry.npmjs.org/binary-pack
554 verbose addRemoteTarball http://registry.npmjs.org/binary-pack/-/binary-pack-1.0.0.tgz not in flight; adding
555 verbose addRemoteTarball [ 'http://registry.npmjs.org/binary-pack/-/binary-pack-1.0.0.tgz',
555 verbose addRemoteTarball   '403f746b327796e1de82f86f55af393a3b4cb478' ]
556 verbose afterAdd /Users/ritch/.npm/gulp-rename/1.2.2/package/package.json written
557 verbose afterAdd /Users/ritch/.npm/duplex/1.0.0/package/package.json written
558 info retry fetch attempt 1 at 9:35:48 AM
559 info attempt registry request try #1 at 9:35:48 AM
560 http fetch GET http://registry.npmjs.org/binary-pack/-/binary-pack-1.0.0.tgz
561 silly addNameRange number 2 { name: 'loopback-boot', range: '>=2.4.0 <3.0.0', hasData: true }
562 silly addNameRange versions [ 'loopback-boot',
562 silly addNameRange   [ '1.0.0',
562 silly addNameRange     '1.1.0',
562 silly addNameRange     '2.0.0-beta1',
562 silly addNameRange     '2.0.0-beta2',
562 silly addNameRange     '1.1.1',
562 silly addNameRange     '2.0.0-beta3',
562 silly addNameRange     '2.0.0',
562 silly addNameRange     '2.1.0',
562 silly addNameRange     '2.2.0',
562 silly addNameRange     '2.3.0',
562 silly addNameRange     '2.3.1',
562 silly addNameRange     '2.4.0',
562 silly addNameRange     '2.5.0',
562 silly addNameRange     '2.5.1',
562 silly addNameRange     '2.5.2',
562 silly addNameRange     '2.6.0',
562 silly addNameRange     '2.6.1',
562 silly addNameRange     '2.6.2',
562 silly addNameRange     '1.1.2',
562 silly addNameRange     '2.6.3',
562 silly addNameRange     '2.6.4',
562 silly addNameRange     '2.6.5',
562 silly addNameRange     '2.7.0' ] ]
563 verbose addNamed loopback-boot@2.7.0
564 silly addNamed semver.valid 2.7.0
565 silly addNamed semver.validRange 2.7.0
566 silly mapToRegistry name loopback-boot
567 silly mapToRegistry using default registry
568 silly mapToRegistry registry http://registry.npmjs.org/
569 silly mapToRegistry uri http://registry.npmjs.org/loopback-boot
570 verbose addRemoteTarball http://registry.npmjs.org/loopback-boot/-/loopback-boot-2.7.0.tgz not in flight; adding
571 verbose addRemoteTarball [ 'http://registry.npmjs.org/loopback-boot/-/loopback-boot-2.7.0.tgz',
571 verbose addRemoteTarball   '02fa9f837e5f14edd0dec76d205f8a2eb25e6b17' ]
572 info retry fetch attempt 1 at 9:35:48 AM
573 info attempt registry request try #1 at 9:35:48 AM
574 http fetch GET http://registry.npmjs.org/loopback-boot/-/loopback-boot-2.7.0.tgz
575 http fetch 200 http://registry.npmjs.org/loopback-boot/-/loopback-boot-2.7.0.tgz
576 http 200 http://registry.npmjs.org/gulp
577 silly get cb [ 200,
577 silly get   { server: 'CouchDB/1.5.0 (Erlang OTP/R16B03)',
577 silly get     etag: '"7XOEYBN5R41TN9ADESYU81NDY"',
577 silly get     'content-type': 'application/json',
577 silly get     'cache-control': 'max-age=60',
577 silly get     'content-length': '100855',
577 silly get     'accept-ranges': 'bytes',
577 silly get     date: 'Fri, 17 Apr 2015 16:35:48 GMT',
577 silly get     via: '1.1 varnish',
577 silly get     age: '0',
577 silly get     connection: 'keep-alive',
577 silly get     'x-served-by': 'cache-lax1433-LAX',
577 silly get     'x-cache': 'HIT',
577 silly get     'x-cache-hits': '1',
577 silly get     'x-timer': 'S1429288548.692627,VS0,VE77',
577 silly get     vary: 'Accept' } ]
578 verbose get saving gulp to /Users/ritch/.npm/registry.npmjs.org/gulp/.cache.json
579 silly addNameRange number 2 { name: 'gulp', range: '>=3.8.11 <4.0.0', hasData: true }
580 silly addNameRange versions [ 'gulp',
580 silly addNameRange   [ '0.0.1',
580 silly addNameRange     '0.0.2',
580 silly addNameRange     '0.0.3',
580 silly addNameRange     '0.0.4',
580 silly addNameRange     '0.0.5',
580 silly addNameRange     '0.0.7',
580 silly addNameRange     '0.0.8',
580 silly addNameRange     '0.0.9',
580 silly addNameRange     '0.1.0',
580 silly addNameRange     '0.2.0',
580 silly addNameRange     '1.0.0',
580 silly addNameRange     '1.1.0',
580 silly addNameRange     '1.2.0',
580 silly addNameRange     '1.2.1',
580 silly addNameRange     '2.0.0',
580 silly addNameRange     '2.0.1',
580 silly addNameRange     '2.1.0',
580 silly addNameRange     '2.2.0',
580 silly addNameRange     '2.3.0',
580 silly addNameRange     '2.4.0',
580 silly addNameRange     '2.4.1',
580 silly addNameRange     '2.6.0',
580 silly addNameRange     '2.6.1',
580 silly addNameRange     '2.7.0',
580 silly addNameRange     '3.0.0',
580 silly addNameRange     '3.1.1',
580 silly addNameRange     '3.1.2',
580 silly addNameRange     '3.1.3',
580 silly addNameRange     '3.1.4',
580 silly addNameRange     '3.2.0',
580 silly addNameRange     '3.2.1',
580 silly addNameRange     '3.2.2',
580 silly addNameRange     '3.2.3',
580 silly addNameRange     '3.2.4',
580 silly addNameRange     '3.2.5',
580 silly addNameRange     '3.3.0',
580 silly addNameRange     '3.3.1',
580 silly addNameRange     '3.3.2',
580 silly addNameRange     '3.3.4',
580 silly addNameRange     '3.4.0',
580 silly addNameRange     '3.5.0',
580 silly addNameRange     '3.5.1',
580 silly addNameRange     '3.5.2',
580 silly addNameRange     '3.5.5',
580 silly addNameRange     '3.5.6',
580 silly addNameRange     '3.6.0',
580 silly addNameRange     '3.6.1',
580 silly addNameRange     '3.6.2',
580 silly addNameRange     '3.7.0',
580 silly addNameRange     '3.8.0',
580 silly addNameRange     '3.8.1',
580 silly addNameRange     '3.8.2',
580 silly addNameRange     '3.8.3',
580 silly addNameRange     '3.8.4',
580 silly addNameRange     '3.8.5',
580 silly addNameRange     '3.8.6',
580 silly addNameRange     '3.8.7',
580 silly addNameRange     '3.8.8',
580 silly addNameRange     '3.8.9',
580 silly addNameRange     '3.8.10',
580 silly addNameRange     '3.8.11' ] ]
581 verbose addNamed gulp@3.8.11
582 silly addNamed semver.valid 3.8.11
583 silly addNamed semver.validRange 3.8.11
584 silly mapToRegistry name gulp
585 silly mapToRegistry using default registry
586 silly mapToRegistry registry http://registry.npmjs.org/
587 silly mapToRegistry uri http://registry.npmjs.org/gulp
588 verbose addRemoteTarball http://registry.npmjs.org/gulp/-/gulp-3.8.11.tgz not in flight; adding
589 verbose addRemoteTarball [ 'http://registry.npmjs.org/gulp/-/gulp-3.8.11.tgz',
589 verbose addRemoteTarball   'd557e0a7283eb4136491969b0497767972f1d28a' ]
590 info retry fetch attempt 1 at 9:35:48 AM
591 info attempt registry request try #1 at 9:35:48 AM
592 http fetch GET http://registry.npmjs.org/gulp/-/gulp-3.8.11.tgz
593 http fetch 200 http://registry.npmjs.org/gulp-loopback-sdk-angular/-/gulp-loopback-sdk-angular-0.1.3.tgz
594 silly fetchAndShaCheck shasum 58cea476bcc8cf95e7b7ed5eb493a06789bed71b
595 verbose addTmpTarball /var/folders/0q/kz5rwr_n6cb3xtv6dwd58yh40000gn/T/npm-32285-e34ffd10/registry.npmjs.org/gulp-loopback-sdk-angular/-/gulp-loopback-sdk-angular-0.1.3.tgz not in flight; adding
596 verbose addTmpTarball already have metadata; skipping unpack for gulp-loopback-sdk-angular@0.1.3
597 silly cache afterAdd gulp-loopback-sdk-angular@0.1.3
598 verbose afterAdd /Users/ritch/.npm/gulp-loopback-sdk-angular/0.1.3/package/package.json not in flight; writing
599 http 200 http://registry.npmjs.org/jshint
600 silly get cb [ 200,
600 silly get   { server: 'CouchDB/1.5.0 (Erlang OTP/R16B03)',
600 silly get     etag: '"BUK2VCCSJ95GI5PEN57W0C9GZ"',
600 silly get     'content-type': 'application/json',
600 silly get     'cache-control': 'max-age=60',
600 silly get     'content-length': '98302',
600 silly get     'accept-ranges': 'bytes',
600 silly get     date: 'Fri, 17 Apr 2015 16:35:48 GMT',
600 silly get     via: '1.1 varnish',
600 silly get     age: '0',
600 silly get     connection: 'keep-alive',
600 silly get     'x-served-by': 'cache-lax1425-LAX',
600 silly get     'x-cache': 'HIT',
600 silly get     'x-cache-hits': '1',
600 silly get     'x-timer': 'S1429288548.709922,VS0,VE78',
600 silly get     vary: 'Accept' } ]
601 verbose get saving jshint to /Users/ritch/.npm/registry.npmjs.org/jshint/.cache.json
602 verbose afterAdd /Users/ritch/.npm/gulp-loopback-sdk-angular/0.1.3/package/package.json written
603 silly addNameRange number 2 { name: 'jshint', range: '>=2.5.6 <3.0.0', hasData: true }
604 silly addNameRange versions [ 'jshint',
604 silly addNameRange   [ '0.1.8',
604 silly addNameRange     '0.1.9',
604 silly addNameRange     '0.2.0',
604 silly addNameRange     '0.2.1',
604 silly addNameRange     '0.2.2',
604 silly addNameRange     '0.2.3',
604 silly addNameRange     '0.3.0',
604 silly addNameRange     '0.3.1',
604 silly addNameRange     '0.4.0',
604 silly addNameRange     '0.5.0',
604 silly addNameRange     '0.5.1',
604 silly addNameRange     '0.5.2',
604 silly addNameRange     '0.5.3',
604 silly addNameRange     '0.5.4',
604 silly addNameRange     '0.5.5',
604 silly addNameRange     '0.5.6',
604 silly addNameRange     '0.5.7',
604 silly addNameRange     '0.5.8',
604 silly addNameRange     '0.5.9',
604 silly addNameRange     '0.6.0',
604 silly addNameRange     '0.6.1',
604 silly addNameRange     '0.6.2',
604 silly addNameRange     '0.6.3',
604 silly addNameRange     '0.7.0',
604 silly addNameRange     '0.7.1',
604 silly addNameRange     '0.7.2',
604 silly addNameRange     '0.7.3',
604 silly addNameRange     '0.8.0',
604 silly addNameRange     '0.8.1',
604 silly addNameRange     '0.8.2',
604 silly addNameRange     '0.9.0',
604 silly addNameRange     '0.9.1',
604 silly addNameRange     '1.0.0',
604 silly addNameRange     '1.1.0',
604 silly addNameRange     '2.0.0',
604 silly addNameRange     '2.0.1',
604 silly addNameRange     '2.1.0',
604 silly addNameRange     '2.1.1',
604 silly addNameRange     '2.1.2',
604 silly addNameRange     '2.1.3',
604 silly addNameRange     '2.1.4',
604 silly addNameRange     '2.1.5',
604 silly addNameRange     '2.1.6',
604 silly addNameRange     '2.1.7',
604 silly addNameRange     '2.1.8',
604 silly addNameRange     '2.1.9',
604 silly addNameRange     '2.1.10',
604 silly addNameRange     '2.1.11',
604 silly addNameRange     '2.2.0',
604 silly addNameRange     '2.3.0',
604 silly addNameRange     '2.4.0',
604 silly addNameRange     '2.4.1',
604 silly addNameRange     '2.4.2',
604 silly addNameRange     '2.4.3',
604 silly addNameRange     '2.4.4',
604 silly addNameRange     '2.5.0',
604 silly addNameRange     '2.5.1',
604 silly addNameRange     '2.5.2',
604 silly addNameRange     '2.5.3',
604 silly addNameRange     '2.5.4',
604 silly addNameRange     '2.5.5',
604 silly addNameRange     '2.5.6',
604 silly addNameRange     '2.5.7',
604 silly addNameRange     '2.5.8',
604 silly addNameRange     '2.5.9',
604 silly addNameRange     '2.5.10',
604 silly addNameRange     '2.5.11',
604 silly addNameRange     '2.6.0',
604 silly addNameRange     '2.6.1',
604 silly addNameRange     '2.6.2',
604 silly addNameRange     '2.6.3',
604 silly addNameRange     '2.7.0' ] ]
605 verbose addNamed jshint@2.7.0
606 silly addNamed semver.valid 2.7.0
607 silly addNamed semver.validRange 2.7.0
608 silly mapToRegistry name jshint
609 silly mapToRegistry using default registry
610 silly mapToRegistry registry http://registry.npmjs.org/
611 silly mapToRegistry uri http://registry.npmjs.org/jshint
612 verbose addRemoteTarball http://registry.npmjs.org/jshint/-/jshint-2.7.0.tgz not in flight; adding
613 verbose addRemoteTarball [ 'http://registry.npmjs.org/jshint/-/jshint-2.7.0.tgz',
613 verbose addRemoteTarball   'd512bb14731dac09e49f212e6b2f1b0fdbabbc4f' ]
614 info retry fetch attempt 1 at 9:35:48 AM
615 info attempt registry request try #1 at 9:35:48 AM
616 http fetch GET http://registry.npmjs.org/jshint/-/jshint-2.7.0.tgz
617 http 200 http://registry.npmjs.org/loopback
618 silly get cb [ 200,
618 silly get   { server: 'CouchDB/1.5.0 (Erlang OTP/R16B03)',
618 silly get     etag: '"6FZS6WYFTBZYMWM1T1QTBO29M"',
618 silly get     'content-type': 'application/json',
618 silly get     'cache-control': 'max-age=60',
618 silly get     'content-length': '193399',
618 silly get     'accept-ranges': 'bytes',
618 silly get     date: 'Fri, 17 Apr 2015 16:35:48 GMT',
618 silly get     via: '1.1 varnish',
618 silly get     age: '4',
618 silly get     connection: 'keep-alive',
618 silly get     'x-served-by': 'cache-lax1420-LAX',
618 silly get     'x-cache': 'HIT',
618 silly get     'x-cache-hits': '1',
618 silly get     'x-timer': 'S1429288548.703072,VS0,VE1',
618 silly get     vary: 'Accept' } ]
619 verbose get saving loopback to /Users/ritch/.npm/registry.npmjs.org/loopback/.cache.json
620 silly addNameRange number 2 { name: 'loopback', range: '>=2.8.0 <3.0.0', hasData: true }
621 silly addNameRange versions [ 'loopback',
621 silly addNameRange   [ '1.0.0',
621 silly addNameRange     '1.1.0',
621 silly addNameRange     '1.2.0',
621 silly addNameRange     '1.2.1',
621 silly addNameRange     '1.3.0',
621 silly addNameRange     '1.3.1',
621 silly addNameRange     '1.3.2',
621 silly addNameRange     '1.3.3',
621 silly addNameRange     '1.3.4',
621 silly addNameRange     '1.4.0',
621 silly addNameRange     '1.4.1',
621 silly addNameRange     '1.4.2',
621 silly addNameRange     '1.4.3',
621 silly addNameRange     '1.5.0',
621 silly addNameRange     '1.5.1',
621 silly addNameRange     '1.5.2',
621 silly addNameRange     '1.5.3',
621 silly addNameRange     '1.6.0',
621 silly addNameRange     '1.6.1',
621 silly addNameRange     '1.6.2',
621 silly addNameRange     '1.7.0',
621 silly addNameRange     '1.7.1',
621 silly addNameRange     '1.7.2',
621 silly addNameRange     '1.7.3',
621 silly addNameRange     '1.7.4',
621 silly addNameRange     '1.7.5',
621 silly addNameRange     '1.7.6',
621 silly addNameRange     '1.7.7',
621 silly addNameRange     '1.8.0',
621 silly addNameRange     '1.8.1',
621 silly addNameRange     '1.8.2',
621 silly addNameRange     '1.8.3',
621 silly addNameRange     '1.8.4',
621 silly addNameRange     '1.8.5',
621 silly addNameRange     '2.0.0-beta1',
621 silly addNameRange     '2.0.0-beta2',
621 silly addNameRange     '2.0.0-beta3',
621 silly addNameRange     '1.8.6',
621 silly addNameRange     '1.8.8',
621 silly addNameRange     '1.9.0',
621 silly addNameRange     '2.0.0-beta4',
621 silly addNameRange     '1.9.1',
621 silly addNameRange     '2.0.0-beta5',
621 silly addNameRange     '2.0.0-beta6',
621 silly addNameRange     '2.0.0-beta7',
621 silly addNameRange     '1.10.0',
621 silly addNameRange     '2.0.0',
621 silly addNameRange     '2.0.1',
621 silly addNameRange     '2.0.2',
621 silly addNameRange     '2.1.0',
621 silly addNameRange     '2.1.1',
621 silly addNameRange     '2.1.2',
621 silly addNameRange     '2.1.3',
621 silly addNameRange     '2.1.4',
621 silly addNameRange     '2.2.0',
621 silly addNameRange     '2.3.0',
621 silly addNameRange     '2.3.1',
621 silly addNameRange     '2.4.0',
621 silly addNameRange     '2.4.1',
621 silly addNameRange     '2.5.0',
621 silly addNameRange     '2.6.0',
621 silly addNameRange     '2.7.0',
621 silly addNameRange     '2.8.0',
621 silly addNameRange     '2.8.1',
621 silly addNameRange     '2.8.2',
621 silly addNameRange     '2.8.3',
621 silly addNameRange     '2.8.4',
621 silly addNameRange     '2.8.5',
621 silly addNameRange     '2.8.6',
621 silly addNameRange     '2.8.7',
621 silly addNameRange     '2.8.8',
621 silly addNameRange     '2.9.0',
621 silly addNameRange     '2.10.0',
621 silly addNameRange     '2.10.1',
621 silly addNameRange     '2.10.2',
621 silly addNameRange     '2.11.0',
621 silly addNameRange     '2.12.0',
621 silly addNameRange     '2.12.1',
621 silly addNameRange     '2.13.0',
621 silly addNameRange     '2.14.0',
621 silly addNameRange     '2.15.0',
621 silly addNameRange     '2.16.0',
621 silly addNameRange     '2.16.1' ] ]
622 verbose addNamed loopback@2.16.1
623 silly addNamed semver.valid 2.16.1
624 silly addNamed semver.validRange 2.16.1
625 http fetch 200 http://registry.npmjs.org/gulp/-/gulp-3.8.11.tgz
626 silly mapToRegistry name loopback
627 silly mapToRegistry using default registry
628 silly mapToRegistry registry http://registry.npmjs.org/
629 silly mapToRegistry uri http://registry.npmjs.org/loopback
630 verbose addRemoteTarball http://registry.npmjs.org/loopback/-/loopback-2.16.1.tgz not in flight; adding
631 verbose addRemoteTarball [ 'http://registry.npmjs.org/loopback/-/loopback-2.16.1.tgz',
631 verbose addRemoteTarball   'a41bf3480a6282f937dbf9af1a8bd1e6c37db535' ]
632 info retry fetch attempt 1 at 9:35:48 AM
633 info attempt registry request try #1 at 9:35:48 AM
634 http fetch GET http://registry.npmjs.org/loopback/-/loopback-2.16.1.tgz
635 silly fetchAndShaCheck shasum d557e0a7283eb4136491969b0497767972f1d28a
636 verbose addTmpTarball /var/folders/0q/kz5rwr_n6cb3xtv6dwd58yh40000gn/T/npm-32285-e34ffd10/registry.npmjs.org/gulp/-/gulp-3.8.11.tgz not in flight; adding
637 verbose addTmpTarball already have metadata; skipping unpack for gulp@3.8.11
638 silly cache afterAdd gulp@3.8.11
639 verbose afterAdd /Users/ritch/.npm/gulp/3.8.11/package/package.json not in flight; writing
640 verbose afterAdd /Users/ritch/.npm/gulp/3.8.11/package/package.json written
641 silly fetchAndShaCheck shasum 02fa9f837e5f14edd0dec76d205f8a2eb25e6b17
642 verbose addTmpTarball /var/folders/0q/kz5rwr_n6cb3xtv6dwd58yh40000gn/T/npm-32285-e34ffd10/registry.npmjs.org/loopback-boot/-/loopback-boot-2.7.0.tgz not in flight; adding
643 verbose addTmpTarball already have metadata; skipping unpack for loopback-boot@2.7.0
644 silly cache afterAdd loopback-boot@2.7.0
645 verbose afterAdd /Users/ritch/.npm/loopback-boot/2.7.0/package/package.json not in flight; writing
646 verbose afterAdd /Users/ritch/.npm/loopback-boot/2.7.0/package/package.json written
647 http 200 http://registry.npmjs.org/loopback-datasource-juggler
648 silly get cb [ 200,
648 silly get   { server: 'CouchDB/1.5.0 (Erlang OTP/R16B03)',
648 silly get     etag: '"DXSWYS6W8FUBN9XLSDX6A78E7"',
648 silly get     'content-type': 'application/json',
648 silly get     'cache-control': 'max-age=60',
648 silly get     'content-length': '125395',
648 silly get     'accept-ranges': 'bytes',
648 silly get     date: 'Fri, 17 Apr 2015 16:35:48 GMT',
648 silly get     via: '1.1 varnish',
648 silly get     age: '0',
648 silly get     connection: 'keep-alive',
648 silly get     'x-served-by': 'cache-lax1424-LAX',
648 silly get     'x-cache': 'HIT',
648 silly get     'x-cache-hits': '1',
648 silly get     'x-timer': 'S1429288548.709731,VS0,VE87',
648 silly get     vary: 'Accept' } ]
649 verbose get saving loopback-datasource-juggler to /Users/ritch/.npm/registry.npmjs.org/loopback-datasource-juggler/.cache.json
650 http fetch 200 http://registry.npmjs.org/binary-pack/-/binary-pack-1.0.0.tgz
651 http fetch 200 http://registry.npmjs.org/jshint/-/jshint-2.7.0.tgz
652 silly fetchAndShaCheck shasum 403f746b327796e1de82f86f55af393a3b4cb478
653 silly addNameRange number 2 { name: 'loopback-datasource-juggler',
653 silly addNameRange   range: '>=2.7.0 <3.0.0',
653 silly addNameRange   hasData: true }
654 silly addNameRange versions [ 'loopback-datasource-juggler',
654 silly addNameRange   [ '1.0.0',
654 silly addNameRange     '1.1.0',
654 silly addNameRange     '1.2.0',
654 silly addNameRange     '1.2.2',
654 silly addNameRange     '1.2.3',
654 silly addNameRange     '1.2.4',
654 silly addNameRange     '1.2.5',
654 silly addNameRange     '1.2.6',
654 silly addNameRange     '1.2.7',
654 silly addNameRange     '1.2.8',
654 silly addNameRange     '1.2.9',
654 silly addNameRange     '1.2.10',
654 silly addNameRange     '1.2.11',
654 silly addNameRange     '1.2.12',
654 silly addNameRange     '1.2.13',
654 silly addNameRange     '1.3.1',
654 silly addNameRange     '1.3.2',
654 silly addNameRange     '1.3.3',
654 silly addNameRange     '1.3.4',
654 silly addNameRange     '1.3.5',
654 silly addNameRange     '1.3.6',
654 silly addNameRange     '1.3.7',
654 silly addNameRange     '1.3.8',
654 silly addNameRange     '1.3.9',
654 silly addNameRange     '1.3.10',
654 silly addNameRange     '1.3.11',
654 silly addNameRange     '1.3.12',
654 silly addNameRange     '1.3.13',
654 silly addNameRange     '1.4.0',
654 silly addNameRange     '1.5.0',
654 silly addNameRange     '1.5.1',
654 silly addNameRange     '1.5.2',
654 silly addNameRange     '2.0.0-beta1',
654 silly addNameRange     '1.5.4',
654 silly addNameRange     '1.5.5',
654 silly addNameRange     '1.6.1',
654 silly addNameRange     '2.0.0-beta2',
654 silly addNameRange     '1.6.2',
654 silly addNameRange     '1.6.3',
654 silly addNameRange     '1.7.0',
654 silly addNameRange     '2.0.0-beta3',
654 silly addNameRange     '2.0.0-beta4',
654 silly addNameRange     '1.7.1',
654 silly addNameRange     '2.0.0-beta5',
654 silly addNameRange     '2.0.0',
654 silly addNameRange     '2.1.1',
654 silly addNameRange     '2.2.1',
654 silly addNameRange     '2.2.2',
654 silly addNameRange     '2.3.0',
654 silly addNameRange     '2.3.1',
654 silly addNameRange     '2.4.0',
654 silly addNameRange     '2.4.1',
654 silly addNameRange     '2.4.2',
654 silly addNameRange     '2.5.0',
654 silly addNameRange     '2.5.1',
654 silly addNameRange     '2.5.2',
654 silly addNameRange     '2.6.1',
654 silly addNameRange     '2.7.0',
654 silly addNameRange     '2.8.0',
654 silly addNameRange     '2.9.0',
654 silly addNameRange     '2.10.0',
654 silly addNameRange     '2.10.1',
654 silly addNameRange     '2.10.2',
654 silly addNameRange     '2.10.3',
654 silly addNameRange     '2.11.0',
654 silly addNameRange     '2.12.0',
654 silly addNameRange     '2.13.0',
654 silly addNameRange     '2.14.0',
654 silly addNameRange     '2.14.1',
654 silly addNameRange     '2.15.0',
654 silly addNameRange     '2.16.0',
654 silly addNameRange     '2.17.0',
654 silly addNameRange     '2.18.0',
654 silly addNameRange     '2.18.1',
654 silly addNameRange     '2.19.0',
654 silly addNameRange     '2.19.1',
654 silly addNameRange     '2.19.2',
654 silly addNameRange     '2.20.0',
654 silly addNameRange     '2.21.0',
654 silly addNameRange     '2.22.0',
654 silly addNameRange     '2.23.0',
654 silly addNameRange     '2.24.0',
654 silly addNameRange     '2.25.0' ] ]
655 verbose addNamed loopback-datasource-juggler@2.25.0
656 silly addNamed semver.valid 2.25.0
657 silly addNamed semver.validRange 2.25.0
658 verbose addTmpTarball /var/folders/0q/kz5rwr_n6cb3xtv6dwd58yh40000gn/T/npm-32285-e34ffd10/registry.npmjs.org/binary-pack/-/binary-pack-1.0.0.tgz not in flight; adding
659 verbose addTmpTarball already have metadata; skipping unpack for binary-pack@1.0.0
660 silly mapToRegistry name loopback-datasource-juggler
661 silly mapToRegistry using default registry
662 silly mapToRegistry registry http://registry.npmjs.org/
663 silly mapToRegistry uri http://registry.npmjs.org/loopback-datasource-juggler
664 verbose addRemoteTarball http://registry.npmjs.org/loopback-datasource-juggler/-/loopback-datasource-juggler-2.25.0.tgz not in flight; adding
665 verbose addRemoteTarball [ 'http://registry.npmjs.org/loopback-datasource-juggler/-/loopback-datasource-juggler-2.25.0.tgz',
665 verbose addRemoteTarball   '9d69b61e91e62c82be79b2c621358d34c259ff7b' ]
666 info retry fetch attempt 1 at 9:35:48 AM
667 info attempt registry request try #1 at 9:35:48 AM
668 http fetch GET http://registry.npmjs.org/loopback-datasource-juggler/-/loopback-datasource-juggler-2.25.0.tgz
669 silly cache afterAdd binary-pack@1.0.0
670 verbose afterAdd /Users/ritch/.npm/binary-pack/1.0.0/package/package.json not in flight; writing
671 verbose afterAdd /Users/ritch/.npm/binary-pack/1.0.0/package/package.json written
672 http fetch 200 http://registry.npmjs.org/loopback/-/loopback-2.16.1.tgz
673 http fetch 200 http://registry.npmjs.org/loopback-datasource-juggler/-/loopback-datasource-juggler-2.25.0.tgz
674 http fetch 200 http://registry.npmjs.org/primus/-/primus-3.0.2.tgz
675 http fetch 200 http://registry.npmjs.org/strong-pubsub-proxy/-/strong-pubsub-proxy-0.1.0.tgz
676 silly fetchAndShaCheck shasum 7a002e5de04f7a3f5c3030d93695d4ab7d9e24ce
677 verbose addTmpTarball /var/folders/0q/kz5rwr_n6cb3xtv6dwd58yh40000gn/T/npm-32285-e34ffd10/registry.npmjs.org/strong-pubsub-proxy/-/strong-pubsub-proxy-0.1.0.tgz not in flight; adding
678 verbose addTmpTarball already have metadata; skipping unpack for strong-pubsub-proxy@0.1.0
679 silly cache afterAdd strong-pubsub-proxy@0.1.0
680 verbose afterAdd /Users/ritch/.npm/strong-pubsub-proxy/0.1.0/package/package.json not in flight; writing
681 verbose afterAdd /Users/ritch/.npm/strong-pubsub-proxy/0.1.0/package/package.json written
682 silly fetchAndShaCheck shasum 6f89d9da60f712a831b808efb6d743b3fddbd45b
683 verbose addTmpTarball /var/folders/0q/kz5rwr_n6cb3xtv6dwd58yh40000gn/T/npm-32285-e34ffd10/registry.npmjs.org/primus/-/primus-3.0.2.tgz not in flight; adding
684 verbose addTmpTarball already have metadata; skipping unpack for primus@3.0.2
685 silly cache afterAdd primus@3.0.2
686 verbose afterAdd /Users/ritch/.npm/primus/3.0.2/package/package.json not in flight; writing
687 verbose afterAdd /Users/ritch/.npm/primus/3.0.2/package/package.json written
688 silly fetchAndShaCheck shasum a41bf3480a6282f937dbf9af1a8bd1e6c37db535
689 verbose addTmpTarball /var/folders/0q/kz5rwr_n6cb3xtv6dwd58yh40000gn/T/npm-32285-e34ffd10/registry.npmjs.org/loopback/-/loopback-2.16.1.tgz not in flight; adding
690 verbose addTmpTarball already have metadata; skipping unpack for loopback@2.16.1
691 silly cache afterAdd loopback@2.16.1
692 verbose afterAdd /Users/ritch/.npm/loopback/2.16.1/package/package.json not in flight; writing
693 verbose afterAdd /Users/ritch/.npm/loopback/2.16.1/package/package.json written
694 silly fetchAndShaCheck shasum d512bb14731dac09e49f212e6b2f1b0fdbabbc4f
695 verbose addTmpTarball /var/folders/0q/kz5rwr_n6cb3xtv6dwd58yh40000gn/T/npm-32285-e34ffd10/registry.npmjs.org/jshint/-/jshint-2.7.0.tgz not in flight; adding
696 verbose addTmpTarball already have metadata; skipping unpack for jshint@2.7.0
697 silly cache afterAdd jshint@2.7.0
698 verbose afterAdd /Users/ritch/.npm/jshint/2.7.0/package/package.json not in flight; writing
699 verbose afterAdd /Users/ritch/.npm/jshint/2.7.0/package/package.json written
700 silly fetchAndShaCheck shasum 9d69b61e91e62c82be79b2c621358d34c259ff7b
701 verbose addTmpTarball /var/folders/0q/kz5rwr_n6cb3xtv6dwd58yh40000gn/T/npm-32285-e34ffd10/registry.npmjs.org/loopback-datasource-juggler/-/loopback-datasource-juggler-2.25.0.tgz not in flight; adding
702 verbose addTmpTarball already have metadata; skipping unpack for loopback-datasource-juggler@2.25.0
703 silly cache afterAdd loopback-datasource-juggler@2.25.0
704 verbose afterAdd /Users/ritch/.npm/loopback-datasource-juggler/2.25.0/package/package.json not in flight; writing
705 verbose afterAdd /Users/ritch/.npm/loopback-datasource-juggler/2.25.0/package/package.json written
706 verbose stack Error: No compatible version found: strong-pubsub-mqtt@'>=0.1.1 <0.2.0'
706 verbose stack Valid install targets:
706 verbose stack ["0.1.0"]
706 verbose stack
706 verbose stack     at installTargetsError (/usr/local/lib/node_modules/npm/lib/cache/add-named.js:259:12)
706 verbose stack     at next (/usr/local/lib/node_modules/npm/lib/cache/add-named.js:238:17)
706 verbose stack     at setData (/usr/local/lib/node_modules/npm/lib/cache/add-named.js:215:5)
706 verbose stack     at RES (/usr/local/lib/node_modules/npm/node_modules/inflight/inflight.js:23:14)
706 verbose stack     at f (/usr/local/lib/node_modules/npm/node_modules/once/once.js:17:25)
706 verbose stack     at saved (/usr/local/lib/node_modules/npm/lib/cache/caching-client.js:173:7)
706 verbose stack     at FSReqWrap.oncomplete (fs.js:99:15)
707 verbose cwd /Users/ritch/Projects/loopback/loopback-example-pubsub
708 error Darwin 12.5.0
709 error argv "node" "/usr/local/bin/npm" "i"
710 error node v0.12.0
711 error npm  v2.5.1
712 error code ETARGET
713 error notarget No compatible version found: strong-pubsub-mqtt@'>=0.1.1 <0.2.0'
713 error notarget Valid install targets:
713 error notarget ["0.1.0"]
713 error notarget
713 error notarget This is most likely not a problem with npm itself.
713 error notarget In most cases you or one of your dependencies are requesting
713 error notarget a package version that doesn't exist.
714 verbose exit [ 1, true ]
